[ 2013-12-28T00:24:54+08:00 ] 127.0.0.1 /blog/index.php
INFO: [ app_begin ] --START--
INFO: ReadHtmlCache Behavior ::run [ RunTime:0.001552s ]
INFO: [ app_begin ] --END-- [ RunTime:0.001654s ]
INFO: [ view_parse ] --START--
NOTIC: [2] Missing argument 2 for TagLib::parseXmlAttr(), called in E:\www\blog\App\Modules\Index\TagLib\TagLibMytag.class.php on line 13 and defined E:\www\blog\ThinkPHP\Lib\Template\TagLib.class.php 第 80 行.
NOTIC: [8] Undefined variable: tag E:\www\blog\ThinkPHP\Lib\Template\TagLib.class.php 第 91 行.
NOTIC: [8] Undefined index:  E:\www\blog\ThinkPHP\Lib\Template\TagLib.class.php 第 91 行.
NOTIC: [8] Undefined variable: tag E:\www\blog\ThinkPHP\Lib\Template\TagLib.class.php 第 92 行.

[ 2013-12-28T00:25:00+08:00 ] 127.0.0.1 /blog/index.php
INFO: [ app_begin ] --START--
INFO: ReadHtmlCache Behavior ::run [ RunTime:0.000890s ]
INFO: [ app_begin ] --END-- [ RunTime:0.001001s ]
INFO: [ view_parse ] --START--
NOTIC: [2] Missing argument 2 for TagLib::parseXmlAttr(), called in E:\www\blog\App\Modules\Index\TagLib\TagLibMytag.class.php on line 13 and defined E:\www\blog\ThinkPHP\Lib\Template\TagLib.class.php 第 80 行.
NOTIC: [8] Undefined variable: tag E:\www\blog\ThinkPHP\Lib\Template\TagLib.class.php 第 91 行.
NOTIC: [8] Undefined index:  E:\www\blog\ThinkPHP\Lib\Template\TagLib.class.php 第 91 行.
NOTIC: [8] Undefined variable: tag E:\www\blog\ThinkPHP\Lib\Template\TagLib.class.php 第 92 行.

[ 2013-12-28T00:25:16+08:00 ] 127.0.0.1 /blog/index.php
INFO: [ app_begin ] --START--
INFO: ReadHtmlCache Behavior ::run [ RunTime:0.000854s ]
INFO: [ app_begin ] --END-- [ RunTime:0.000948s ]
INFO: [ view_parse ] --START--
NOTIC: [2] Missing argument 2 for TagLib::parseXmlAttr(), called in E:\www\blog\App\Modules\Index\TagLib\TagLibMytag.class.php on line 13 and defined E:\www\blog\ThinkPHP\Lib\Template\TagLib.class.php 第 80 行.
NOTIC: [8] Undefined variable: tag E:\www\blog\ThinkPHP\Lib\Template\TagLib.class.php 第 91 行.
NOTIC: [8] Undefined index:  E:\www\blog\ThinkPHP\Lib\Template\TagLib.class.php 第 91 行.
NOTIC: [8] Undefined variable: tag E:\www\blog\ThinkPHP\Lib\Template\TagLib.class.php 第 92 行.

[ 2013-12-28T00:25:27+08:00 ] 127.0.0.1 /blog/index.php/Admin
INFO: [ route_check ] --START--
INFO: CheckRoute Behavior ::run [ RunTime:0.064694s ]
INFO: [ route_check ] --END-- [ RunTime:0.064818s ]
INFO: [ app_begin ] --START--
INFO: ReadHtmlCache Behavior ::run [ RunTime:0.000866s ]
INFO: [ app_begin ] --END-- [ RunTime:0.000937s ]

[ 2013-12-28T00:25:28+08:00 ] 127.0.0.1 /blog/index.php/Admin/Login/index
INFO: [ route_check ] --START--
INFO: CheckRoute Behavior ::run [ RunTime:0.001024s ]
INFO: [ route_check ] --END-- [ RunTime:0.001117s ]
INFO: [ app_begin ] --START--
INFO: ReadHtmlCache Behavior ::run [ RunTime:0.000851s ]
INFO: [ app_begin ] --END-- [ RunTime:0.000923s ]
INFO: [ view_parse ] --START--
INFO: ParseTemplate Behavior ::run [ RunTime:0.065719s ]
INFO: [ view_parse ] --END-- [ RunTime:0.065805s ]
INFO: [ view_filter ] --START--
INFO: ContentReplace Behavior ::run [ RunTime:0.050265s ]
INFO: TokenBuild Behavior ::run [ RunTime:0.044708s ]
INFO: WriteHtmlCache Behavior ::run [ RunTime:0.055323s ]
INFO: ShowRuntime Behavior ::run [ RunTime:0.001207s ]
INFO: [ view_filter ] --END-- [ RunTime:0.151768s ]
INFO: [ view_end ] --START--
INFO: ShowPageTrace Behavior ::run [ RunTime:0.001335s ]
INFO: [ view_end ] --END-- [ RunTime:0.001401s ]

[ 2013-12-28T00:25:28+08:00 ] 127.0.0.1 /blog/index.php/Admin/Login/verify
INFO: [ route_check ] --START--
INFO: CheckRoute Behavior ::run [ RunTime:0.001759s ]
INFO: [ route_check ] --END-- [ RunTime:0.001955s ]
INFO: [ app_begin ] --START--
INFO: ReadHtmlCache Behavior ::run [ RunTime:0.000853s ]
INFO: [ app_begin ] --END-- [ RunTime:0.000983s ]

[ 2013-12-28T00:25:30+08:00 ] 127.0.0.1 /blog/index.php
INFO: [ app_begin ] --START--
INFO: ReadHtmlCache Behavior ::run [ RunTime:0.000497s ]
INFO: [ app_begin ] --END-- [ RunTime:0.000653s ]
INFO: [ view_parse ] --START--
NOTIC: [2] Missing argument 2 for TagLib::parseXmlAttr(), called in E:\www\blog\App\Modules\Index\TagLib\TagLibMytag.class.php on line 13 and defined E:\www\blog\ThinkPHP\Lib\Template\TagLib.class.php 第 80 行.
NOTIC: [8] Undefined variable: tag E:\www\blog\ThinkPHP\Lib\Template\TagLib.class.php 第 91 行.
NOTIC: [8] Undefined index:  E:\www\blog\ThinkPHP\Lib\Template\TagLib.class.php 第 91 行.
NOTIC: [8] Undefined variable: tag E:\www\blog\ThinkPHP\Lib\Template\TagLib.class.php 第 92 行.

[ 2013-12-28T00:28:34+08:00 ] 127.0.0.1 /blog/index.php
INFO: [ app_begin ] --START--
INFO: ReadHtmlCache Behavior ::run [ RunTime:0.000708s ]
INFO: [ app_begin ] --END-- [ RunTime:0.000799s ]
INFO: [ view_parse ] --START--

[ 2013-12-28T00:29:06+08:00 ] 127.0.0.1 /blog/index.php
INFO: [ app_begin ] --START--
INFO: ReadHtmlCache Behavior ::run [ RunTime:0.000776s ]
INFO: [ app_begin ] --END-- [ RunTime:0.000883s ]
INFO: [ view_parse ] --START--

[ 2013-12-28T00:29:07+08:00 ] 127.0.0.1 /blog/index.php
INFO: [ app_begin ] --START--
INFO: ReadHtmlCache Behavior ::run [ RunTime:0.000506s ]
INFO: [ app_begin ] --END-- [ RunTime:0.000595s ]
INFO: [ view_parse ] --START--

[ 2013-12-28T00:29:34+08:00 ] 127.0.0.1 /blog/index.php
INFO: [ app_begin ] --START--
INFO: ReadHtmlCache Behavior ::run [ RunTime:0.000505s ]
INFO: [ app_begin ] --END-- [ RunTime:0.000598s ]
INFO: [ view_parse ] --START--

[ 2013-12-28T00:29:35+08:00 ] 127.0.0.1 /blog/index.php
INFO: [ app_begin ] --START--
INFO: ReadHtmlCache Behavior ::run [ RunTime:0.000489s ]
INFO: [ app_begin ] --END-- [ RunTime:0.000580s ]
INFO: [ view_parse ] --START--

[ 2013-12-28T00:29:35+08:00 ] 127.0.0.1 /blog/index.php
INFO: [ app_begin ] --START--
INFO: ReadHtmlCache Behavior ::run [ RunTime:0.000484s ]
INFO: [ app_begin ] --END-- [ RunTime:0.000572s ]
INFO: [ view_parse ] --START--

[ 2013-12-28T00:29:35+08:00 ] 127.0.0.1 /blog/index.php
INFO: [ app_begin ] --START--
INFO: ReadHtmlCache Behavior ::run [ RunTime:0.000498s ]
INFO: [ app_begin ] --END-- [ RunTime:0.000587s ]
INFO: [ view_parse ] --START--

[ 2013-12-28T00:29:35+08:00 ] 127.0.0.1 /blog/index.php
INFO: [ app_begin ] --START--
INFO: ReadHtmlCache Behavior ::run [ RunTime:0.000489s ]
INFO: [ app_begin ] --END-- [ RunTime:0.000578s ]
INFO: [ view_parse ] --START--

[ 2013-12-28T00:29:43+08:00 ] 127.0.0.1 /blog/index.php
INFO: [ app_begin ] --START--
INFO: ReadHtmlCache Behavior ::run [ RunTime:0.000631s ]
INFO: [ app_begin ] --END-- [ RunTime:0.000727s ]
INFO: [ view_parse ] --START--

[ 2013-12-28T00:29:43+08:00 ] 127.0.0.1 /blog/index.php
INFO: [ app_begin ] --START--
INFO: ReadHtmlCache Behavior ::run [ RunTime:0.000508s ]
INFO: [ app_begin ] --END-- [ RunTime:0.000596s ]
INFO: [ view_parse ] --START--

[ 2013-12-28T00:29:43+08:00 ] 127.0.0.1 /blog/index.php
INFO: [ app_begin ] --START--
INFO: ReadHtmlCache Behavior ::run [ RunTime:0.000605s ]
INFO: [ app_begin ] --END-- [ RunTime:0.000743s ]
INFO: [ view_parse ] --START--

[ 2013-12-28T00:31:30+08:00 ] 127.0.0.1 /blog/index.php
INFO: [ app_begin ] --START--
INFO: ReadHtmlCache Behavior ::run [ RunTime:0.000902s ]
INFO: [ app_begin ] --END-- [ RunTime:0.001084s ]
INFO: [ view_parse ] --START--

[ 2013-12-28T00:31:31+08:00 ] 127.0.0.1 /blog/index.php
INFO: [ app_begin ] --START--
INFO: ReadHtmlCache Behavior ::run [ RunTime:0.000525s ]
INFO: [ app_begin ] --END-- [ RunTime:0.000629s ]
INFO: [ view_parse ] --START--

[ 2013-12-28T00:31:31+08:00 ] 127.0.0.1 /blog/index.php
INFO: [ app_begin ] --START--
INFO: ReadHtmlCache Behavior ::run [ RunTime:0.000996s ]
INFO: [ app_begin ] --END-- [ RunTime:0.001137s ]
INFO: [ view_parse ] --START--

[ 2013-12-28T00:31:31+08:00 ] 127.0.0.1 /blog/index.php
INFO: [ app_begin ] --START--
INFO: ReadHtmlCache Behavior ::run [ RunTime:0.000657s ]
INFO: [ app_begin ] --END-- [ RunTime:0.000770s ]
INFO: [ view_parse ] --START--

[ 2013-12-28T00:31:31+08:00 ] 127.0.0.1 /blog/index.php
INFO: [ app_begin ] --START--
INFO: ReadHtmlCache Behavior ::run [ RunTime:0.000720s ]
INFO: [ app_begin ] --END-- [ RunTime:0.000857s ]
INFO: [ view_parse ] --START--

[ 2013-12-28T00:32:07+08:00 ] 127.0.0.1 /blog/index.php
INFO: [ app_begin ] --START--
INFO: ReadHtmlCache Behavior ::run [ RunTime:0.000567s ]
INFO: [ app_begin ] --END-- [ RunTime:0.000692s ]
INFO: [ view_parse ] --START--

[ 2013-12-28T00:32:08+08:00 ] 127.0.0.1 /blog/index.php
INFO: [ app_begin ] --START--
INFO: ReadHtmlCache Behavior ::run [ RunTime:0.000778s ]
INFO: [ app_begin ] --END-- [ RunTime:0.000893s ]
INFO: [ view_parse ] --START--

[ 2013-12-28T00:32:08+08:00 ] 127.0.0.1 /blog/index.php
INFO: [ app_begin ] --START--
INFO: ReadHtmlCache Behavior ::run [ RunTime:0.000671s ]
INFO: [ app_begin ] --END-- [ RunTime:0.000773s ]
INFO: [ view_parse ] --START--

[ 2013-12-28T00:32:08+08:00 ] 127.0.0.1 /blog/index.php
INFO: [ app_begin ] --START--
INFO: ReadHtmlCache Behavior ::run [ RunTime:0.000780s ]
INFO: [ app_begin ] --END-- [ RunTime:0.000907s ]
INFO: [ view_parse ] --START--

[ 2013-12-28T00:32:08+08:00 ] 127.0.0.1 /blog/index.php
INFO: [ app_begin ] --START--
INFO: ReadHtmlCache Behavior ::run [ RunTime:0.000563s ]
INFO: [ app_begin ] --END-- [ RunTime:0.000667s ]
INFO: [ view_parse ] --START--

[ 2013-12-28T00:32:53+08:00 ] 127.0.0.1 /blog/index.php
INFO: [ app_begin ] --START--
INFO: ReadHtmlCache Behavior ::run [ RunTime:0.000596s ]
INFO: [ app_begin ] --END-- [ RunTime:0.000710s ]
INFO: [ view_parse ] --START--
NOTIC: [2] Missing argument 2 for TagLib::parseXmlAttr(), called in E:\www\blog\App\Modules\Index\TagLib\TagLibMytag.class.php on line 13 and defined E:\www\blog\ThinkPHP\Lib\Template\TagLib.class.php 第 80 行.
NOTIC: [8] Undefined variable: tag E:\www\blog\ThinkPHP\Lib\Template\TagLib.class.php 第 91 行.
NOTIC: [8] Undefined index:  E:\www\blog\ThinkPHP\Lib\Template\TagLib.class.php 第 91 行.
NOTIC: [8] Undefined variable: tag E:\www\blog\ThinkPHP\Lib\Template\TagLib.class.php 第 92 行.
NOTIC: [8] Undefined variable: str E:\www\blog\App\Modules\Index\TagLib\TagLibMytag.class.php 第 15 行.
INFO: ParseTemplate Behavior ::run [ RunTime:0.013884s ]
INFO: [ view_parse ] --END-- [ RunTime:0.013983s ]
INFO: [ view_filter ] --START--
INFO: ContentReplace Behavior ::run [ RunTime:0.000561s ]
INFO: TokenBuild Behavior ::run [ RunTime:0.000495s ]
INFO: WriteHtmlCache Behavior ::run [ RunTime:0.000358s ]
INFO: ShowRuntime Behavior ::run [ RunTime:0.000698s ]
INFO: [ view_filter ] --END-- [ RunTime:0.002295s ]
INFO: [ view_end ] --START--
INFO: ShowPageTrace Behavior ::run [ RunTime:0.000903s ]
INFO: [ view_end ] --END-- [ RunTime:0.000982s ]

[ 2013-12-28T00:37:51+08:00 ] 127.0.0.1 /blog/index.php
INFO: [ app_begin ] --START--
INFO: ReadHtmlCache Behavior ::run [ RunTime:0.001038s ]
INFO: [ app_begin ] --END-- [ RunTime:0.001163s ]
INFO: [ view_parse ] --START--
NOTIC: [2] Missing argument 2 for TagLib::parseXmlAttr(), called in E:\www\blog\App\Modules\Index\TagLib\TagLibMytag.class.php on line 13 and defined E:\www\blog\ThinkPHP\Lib\Template\TagLib.class.php 第 80 行.
NOTIC: [8] Undefined variable: tag E:\www\blog\ThinkPHP\Lib\Template\TagLib.class.php 第 91 行.
NOTIC: [8] Undefined index:  E:\www\blog\ThinkPHP\Lib\Template\TagLib.class.php 第 91 行.
NOTIC: [8] Undefined variable: tag E:\www\blog\ThinkPHP\Lib\Template\TagLib.class.php 第 92 行.

[ 2013-12-28T00:38:11+08:00 ] 127.0.0.1 /blog/index.php
INFO: [ app_begin ] --START--
INFO: ReadHtmlCache Behavior ::run [ RunTime:0.000526s ]
INFO: [ app_begin ] --END-- [ RunTime:0.000618s ]
INFO: [ view_parse ] --START--
NOTIC: [2] Missing argument 2 for TagLib::parseXmlAttr(), called in E:\www\blog\App\Modules\Index\TagLib\TagLibMytag.class.php on line 13 and defined E:\www\blog\ThinkPHP\Lib\Template\TagLib.class.php 第 80 行.
NOTIC: [8] Undefined variable: tag E:\www\blog\ThinkPHP\Lib\Template\TagLib.class.php 第 91 行.
NOTIC: [8] Undefined index:  E:\www\blog\ThinkPHP\Lib\Template\TagLib.class.php 第 91 行.
NOTIC: [8] Undefined variable: tag E:\www\blog\ThinkPHP\Lib\Template\TagLib.class.php 第 92 行.
SQL: SHOW COLUMNS FROM `bl_cate` [ RunTime:0.080609s ]
SQL: SELECT * FROM `bl_cate` ORDER BY sort LIMIT 15   [ RunTime:0.010931s ]
INFO: ParseTemplate Behavior ::run [ RunTime:0.163200s ]
INFO: [ view_parse ] --END-- [ RunTime:0.163310s ]
INFO: [ view_filter ] --START--
INFO: ContentReplace Behavior ::run [ RunTime:0.000679s ]
INFO: TokenBuild Behavior ::run [ RunTime:0.000543s ]
INFO: WriteHtmlCache Behavior ::run [ RunTime:0.000467s ]
INFO: ShowRuntime Behavior ::run [ RunTime:0.000568s ]
INFO: [ view_filter ] --END-- [ RunTime:0.002535s ]
INFO: [ view_end ] --START--
INFO: ShowPageTrace Behavior ::run [ RunTime:0.000895s ]
INFO: [ view_end ] --END-- [ RunTime:0.000988s ]

[ 2013-12-28T00:39:40+08:00 ] 127.0.0.1 /blog/index.php
INFO: [ app_begin ] --START--
INFO: ReadHtmlCache Behavior ::run [ RunTime:0.000948s ]
INFO: [ app_begin ] --END-- [ RunTime:0.001055s ]
INFO: [ view_parse ] --START--
NOTIC: [2] Missing argument 2 for TagLib::parseXmlAttr(), called in E:\www\blog\App\Modules\Index\TagLib\TagLibMytag.class.php on line 13 and defined E:\www\blog\ThinkPHP\Lib\Template\TagLib.class.php 第 80 行.
NOTIC: [8] Undefined variable: tag E:\www\blog\ThinkPHP\Lib\Template\TagLib.class.php 第 91 行.
NOTIC: [8] Undefined index:  E:\www\blog\ThinkPHP\Lib\Template\TagLib.class.php 第 91 行.
NOTIC: [8] Undefined variable: tag E:\www\blog\ThinkPHP\Lib\Template\TagLib.class.php 第 92 行.
SQL: SHOW COLUMNS FROM `bl_cate` [ RunTime:0.003452s ]
SQL: SELECT * FROM `bl_cate` ORDER BY sort LIMIT 15   [ RunTime:0.000749s ]
INFO: ParseTemplate Behavior ::run [ RunTime:0.042987s ]
INFO: [ view_parse ] --END-- [ RunTime:0.043060s ]
INFO: [ view_filter ] --START--
INFO: ContentReplace Behavior ::run [ RunTime:0.000665s ]
INFO: TokenBuild Behavior ::run [ RunTime:0.000521s ]
INFO: WriteHtmlCache Behavior ::run [ RunTime:0.000407s ]
INFO: ShowRuntime Behavior ::run [ RunTime:0.000564s ]
INFO: [ view_filter ] --END-- [ RunTime:0.002422s ]
INFO: [ view_end ] --START--
INFO: ShowPageTrace Behavior ::run [ RunTime:0.000984s ]
INFO: [ view_end ] --END-- [ RunTime:0.001166s ]

[ 2013-12-28T00:50:26+08:00 ] 127.0.0.1 /blog/index.php
INFO: [ app_begin ] --START--
INFO: ReadHtmlCache Behavior ::run [ RunTime:0.001013s ]
INFO: [ app_begin ] --END-- [ RunTime:0.001121s ]
INFO: [ view_parse ] --START--
NOTIC: [2] Missing argument 2 for TagLib::parseXmlAttr(), called in E:\www\blog\App\Modules\Index\TagLib\TagLibMytag.class.php on line 13 and defined E:\www\blog\ThinkPHP\Lib\Template\TagLib.class.php 第 80 行.
NOTIC: [8] Undefined variable: tag E:\www\blog\ThinkPHP\Lib\Template\TagLib.class.php 第 91 行.
NOTIC: [8] Undefined index:  E:\www\blog\ThinkPHP\Lib\Template\TagLib.class.php 第 91 行.
NOTIC: [8] Undefined variable: tag E:\www\blog\ThinkPHP\Lib\Template\TagLib.class.php 第 92 行.
SQL: SHOW COLUMNS FROM `bl_cate` [ RunTime:0.003617s ]
SQL: SELECT * FROM `bl_cate` ORDER BY sort LIMIT 15   [ RunTime:0.000414s ]
INFO: ParseTemplate Behavior ::run [ RunTime:0.033618s ]
INFO: [ view_parse ] --END-- [ RunTime:0.033684s ]
INFO: [ view_filter ] --START--
INFO: ContentReplace Behavior ::run [ RunTime:0.000646s ]
INFO: TokenBuild Behavior ::run [ RunTime:0.000811s ]
INFO: WriteHtmlCache Behavior ::run [ RunTime:0.000428s ]
INFO: ShowRuntime Behavior ::run [ RunTime:0.000538s ]
INFO: [ view_filter ] --END-- [ RunTime:0.002680s ]
INFO: [ view_end ] --START--
INFO: ShowPageTrace Behavior ::run [ RunTime:0.001191s ]
INFO: [ view_end ] --END-- [ RunTime:0.001304s ]

[ 2013-12-28T00:50:27+08:00 ] 127.0.0.1 /blog/index.php
INFO: [ app_begin ] --START--
INFO: ReadHtmlCache Behavior ::run [ RunTime:0.000883s ]
INFO: [ app_begin ] --END-- [ RunTime:0.000981s ]
INFO: [ view_parse ] --START--
NOTIC: [2] Missing argument 2 for TagLib::parseXmlAttr(), called in E:\www\blog\App\Modules\Index\TagLib\TagLibMytag.class.php on line 13 and defined E:\www\blog\ThinkPHP\Lib\Template\TagLib.class.php 第 80 行.
NOTIC: [8] Undefined variable: tag E:\www\blog\ThinkPHP\Lib\Template\TagLib.class.php 第 91 行.
NOTIC: [8] Undefined index:  E:\www\blog\ThinkPHP\Lib\Template\TagLib.class.php 第 91 行.
NOTIC: [8] Undefined variable: tag E:\www\blog\ThinkPHP\Lib\Template\TagLib.class.php 第 92 行.
SQL: SHOW COLUMNS FROM `bl_cate` [ RunTime:0.003697s ]
SQL: SELECT * FROM `bl_cate` ORDER BY sort LIMIT 15   [ RunTime:0.000527s ]
INFO: ParseTemplate Behavior ::run [ RunTime:0.033289s ]
INFO: [ view_parse ] --END-- [ RunTime:0.033435s ]
INFO: [ view_filter ] --START--
INFO: ContentReplace Behavior ::run [ RunTime:0.000707s ]
INFO: TokenBuild Behavior ::run [ RunTime:0.000599s ]
INFO: WriteHtmlCache Behavior ::run [ RunTime:0.000393s ]
INFO: ShowRuntime Behavior ::run [ RunTime:0.000649s ]
INFO: [ view_filter ] --END-- [ RunTime:0.002729s ]
INFO: [ view_end ] --START--
INFO: ShowPageTrace Behavior ::run [ RunTime:0.001047s ]
INFO: [ view_end ] --END-- [ RunTime:0.001249s ]

[ 2013-12-28T00:50:27+08:00 ] 127.0.0.1 /blog/index.php
INFO: [ app_begin ] --START--
INFO: ReadHtmlCache Behavior ::run [ RunTime:0.000857s ]
INFO: [ app_begin ] --END-- [ RunTime:0.000985s ]
INFO: [ view_parse ] --START--
NOTIC: [2] Missing argument 2 for TagLib::parseXmlAttr(), called in E:\www\blog\App\Modules\Index\TagLib\TagLibMytag.class.php on line 13 and defined E:\www\blog\ThinkPHP\Lib\Template\TagLib.class.php 第 80 行.
NOTIC: [8] Undefined variable: tag E:\www\blog\ThinkPHP\Lib\Template\TagLib.class.php 第 91 行.
NOTIC: [8] Undefined index:  E:\www\blog\ThinkPHP\Lib\Template\TagLib.class.php 第 91 行.
NOTIC: [8] Undefined variable: tag E:\www\blog\ThinkPHP\Lib\Template\TagLib.class.php 第 92 行.
SQL: SHOW COLUMNS FROM `bl_cate` [ RunTime:0.003160s ]
SQL: SELECT * FROM `bl_cate` ORDER BY sort LIMIT 15   [ RunTime:0.000497s ]
INFO: ParseTemplate Behavior ::run [ RunTime:0.043377s ]
INFO: [ view_parse ] --END-- [ RunTime:0.043479s ]
INFO: [ view_filter ] --START--
INFO: ContentReplace Behavior ::run [ RunTime:0.000760s ]
INFO: TokenBuild Behavior ::run [ RunTime:0.000593s ]
INFO: WriteHtmlCache Behavior ::run [ RunTime:0.000400s ]
INFO: ShowRuntime Behavior ::run [ RunTime:0.000604s ]
INFO: [ view_filter ] --END-- [ RunTime:0.002613s ]
INFO: [ view_end ] --START--
INFO: ShowPageTrace Behavior ::run [ RunTime:0.001004s ]
INFO: [ view_end ] --END-- [ RunTime:0.001229s ]

[ 2013-12-28T00:50:28+08:00 ] 127.0.0.1 /blog/index.php
INFO: [ app_begin ] --START--
INFO: ReadHtmlCache Behavior ::run [ RunTime:0.000999s ]
INFO: [ app_begin ] --END-- [ RunTime:0.001187s ]
INFO: [ view_parse ] --START--
NOTIC: [2] Missing argument 2 for TagLib::parseXmlAttr(), called in E:\www\blog\App\Modules\Index\TagLib\TagLibMytag.class.php on line 13 and defined E:\www\blog\ThinkPHP\Lib\Template\TagLib.class.php 第 80 行.
NOTIC: [8] Undefined variable: tag E:\www\blog\ThinkPHP\Lib\Template\TagLib.class.php 第 91 行.
NOTIC: [8] Undefined index:  E:\www\blog\ThinkPHP\Lib\Template\TagLib.class.php 第 91 行.
NOTIC: [8] Undefined variable: tag E:\www\blog\ThinkPHP\Lib\Template\TagLib.class.php 第 92 行.
SQL: SHOW COLUMNS FROM `bl_cate` [ RunTime:0.003180s ]
SQL: SELECT * FROM `bl_cate` ORDER BY sort LIMIT 15   [ RunTime:0.000546s ]
INFO: ParseTemplate Behavior ::run [ RunTime:0.040160s ]
INFO: [ view_parse ] --END-- [ RunTime:0.040225s ]
INFO: [ view_filter ] --START--
INFO: ContentReplace Behavior ::run [ RunTime:0.000486s ]
INFO: TokenBuild Behavior ::run [ RunTime:0.000560s ]
INFO: WriteHtmlCache Behavior ::run [ RunTime:0.000316s ]
INFO: ShowRuntime Behavior ::run [ RunTime:0.000445s ]
INFO: [ view_filter ] --END-- [ RunTime:0.002065s ]
INFO: [ view_end ] --START--
INFO: ShowPageTrace Behavior ::run [ RunTime:0.000720s ]
INFO: [ view_end ] --END-- [ RunTime:0.000806s ]

[ 2013-12-28T00:50:28+08:00 ] 127.0.0.1 /blog/index.php
INFO: [ app_begin ] --START--
INFO: ReadHtmlCache Behavior ::run [ RunTime:0.000547s ]
INFO: [ app_begin ] --END-- [ RunTime:0.000643s ]
INFO: [ view_parse ] --START--
NOTIC: [2] Missing argument 2 for TagLib::parseXmlAttr(), called in E:\www\blog\App\Modules\Index\TagLib\TagLibMytag.class.php on line 13 and defined E:\www\blog\ThinkPHP\Lib\Template\TagLib.class.php 第 80 行.
NOTIC: [8] Undefined variable: tag E:\www\blog\ThinkPHP\Lib\Template\TagLib.class.php 第 91 行.
NOTIC: [8] Undefined index:  E:\www\blog\ThinkPHP\Lib\Template\TagLib.class.php 第 91 行.
NOTIC: [8] Undefined variable: tag E:\www\blog\ThinkPHP\Lib\Template\TagLib.class.php 第 92 行.
SQL: SHOW COLUMNS FROM `bl_cate` [ RunTime:0.002943s ]
SQL: SELECT * FROM `bl_cate` ORDER BY sort LIMIT 15   [ RunTime:0.000695s ]
INFO: ParseTemplate Behavior ::run [ RunTime:0.040713s ]
INFO: [ view_parse ] --END-- [ RunTime:0.040846s ]
INFO: [ view_filter ] --START--
INFO: ContentReplace Behavior ::run [ RunTime:0.001132s ]
INFO: TokenBuild Behavior ::run [ RunTime:0.000716s ]
INFO: WriteHtmlCache Behavior ::run [ RunTime:0.000417s ]
INFO: ShowRuntime Behavior ::run [ RunTime:0.000869s ]
INFO: [ view_filter ] --END-- [ RunTime:0.003646s ]
INFO: [ view_end ] --START--
INFO: ShowPageTrace Behavior ::run [ RunTime:0.001228s ]
INFO: [ view_end ] --END-- [ RunTime:0.001435s ]

[ 2013-12-28T00:50:28+08:00 ] 127.0.0.1 /blog/index.php
INFO: [ app_begin ] --START--
INFO: ReadHtmlCache Behavior ::run [ RunTime:0.001020s ]
INFO: [ app_begin ] --END-- [ RunTime:0.001246s ]
INFO: [ view_parse ] --START--
NOTIC: [2] Missing argument 2 for TagLib::parseXmlAttr(), called in E:\www\blog\App\Modules\Index\TagLib\TagLibMytag.class.php on line 13 and defined E:\www\blog\ThinkPHP\Lib\Template\TagLib.class.php 第 80 行.
NOTIC: [8] Undefined variable: tag E:\www\blog\ThinkPHP\Lib\Template\TagLib.class.php 第 91 行.
NOTIC: [8] Undefined index:  E:\www\blog\ThinkPHP\Lib\Template\TagLib.class.php 第 91 行.
NOTIC: [8] Undefined variable: tag E:\www\blog\ThinkPHP\Lib\Template\TagLib.class.php 第 92 行.
SQL: SHOW COLUMNS FROM `bl_cate` [ RunTime:0.002984s ]
SQL: SELECT * FROM `bl_cate` ORDER BY sort LIMIT 15   [ RunTime:0.000754s ]
INFO: ParseTemplate Behavior ::run [ RunTime:0.032295s ]
INFO: [ view_parse ] --END-- [ RunTime:0.032366s ]
INFO: [ view_filter ] --START--
INFO: ContentReplace Behavior ::run [ RunTime:0.000664s ]
INFO: TokenBuild Behavior ::run [ RunTime:0.000511s ]
INFO: WriteHtmlCache Behavior ::run [ RunTime:0.000348s ]
INFO: ShowRuntime Behavior ::run [ RunTime:0.000558s ]
INFO: [ view_filter ] --END-- [ RunTime:0.002373s ]
INFO: [ view_end ] --START--
INFO: ShowPageTrace Behavior ::run [ RunTime:0.000784s ]
INFO: [ view_end ] --END-- [ RunTime:0.000868s ]

[ 2013-12-28T00:51:16+08:00 ] 127.0.0.1 /blog/index.php
INFO: [ app_begin ] --START--
INFO: ReadHtmlCache Behavior ::run [ RunTime:0.000925s ]
INFO: [ app_begin ] --END-- [ RunTime:0.001122s ]
INFO: [ view_parse ] --START--
NOTIC: [2] Missing argument 2 for TagLib::parseXmlAttr(), called in E:\www\blog\App\Modules\Index\TagLib\TagLibMytag.class.php on line 13 and defined E:\www\blog\ThinkPHP\Lib\Template\TagLib.class.php 第 80 行.
NOTIC: [8] Undefined variable: tag E:\www\blog\ThinkPHP\Lib\Template\TagLib.class.php 第 91 行.
NOTIC: [8] Undefined index:  E:\www\blog\ThinkPHP\Lib\Template\TagLib.class.php 第 91 行.
NOTIC: [8] Undefined variable: tag E:\www\blog\ThinkPHP\Lib\Template\TagLib.class.php 第 92 行.
SQL: SHOW COLUMNS FROM `bl_cate` [ RunTime:0.003278s ]
SQL: SELECT * FROM `bl_cate` ORDER BY sort LIMIT 15   [ RunTime:0.000421s ]
INFO: ParseTemplate Behavior ::run [ RunTime:0.036713s ]
INFO: [ view_parse ] --END-- [ RunTime:0.036795s ]
INFO: [ view_filter ] --START--
INFO: ContentReplace Behavior ::run [ RunTime:0.001167s ]
INFO: TokenBuild Behavior ::run [ RunTime:0.000943s ]
INFO: WriteHtmlCache Behavior ::run [ RunTime:0.000824s ]
INFO: ShowRuntime Behavior ::run [ RunTime:0.001104s ]
INFO: [ view_filter ] --END-- [ RunTime:0.004362s ]
INFO: [ view_end ] --START--
INFO: ShowPageTrace Behavior ::run [ RunTime:0.003433s ]
INFO: [ view_end ] --END-- [ RunTime:0.003610s ]

[ 2013-12-28T00:51:17+08:00 ] 127.0.0.1 /blog/index.php
INFO: [ app_begin ] --START--
INFO: ReadHtmlCache Behavior ::run [ RunTime:0.000729s ]
INFO: [ app_begin ] --END-- [ RunTime:0.000819s ]
INFO: [ view_parse ] --START--
NOTIC: [2] Missing argument 2 for TagLib::parseXmlAttr(), called in E:\www\blog\App\Modules\Index\TagLib\TagLibMytag.class.php on line 13 and defined E:\www\blog\ThinkPHP\Lib\Template\TagLib.class.php 第 80 行.
NOTIC: [8] Undefined variable: tag E:\www\blog\ThinkPHP\Lib\Template\TagLib.class.php 第 91 行.
NOTIC: [8] Undefined index:  E:\www\blog\ThinkPHP\Lib\Template\TagLib.class.php 第 91 行.
NOTIC: [8] Undefined variable: tag E:\www\blog\ThinkPHP\Lib\Template\TagLib.class.php 第 92 行.
SQL: SHOW COLUMNS FROM `bl_cate` [ RunTime:0.003509s ]
SQL: SELECT * FROM `bl_cate` ORDER BY sort LIMIT 15   [ RunTime:0.000560s ]
INFO: ParseTemplate Behavior ::run [ RunTime:0.032889s ]
INFO: [ view_parse ] --END-- [ RunTime:0.032955s ]
INFO: [ view_filter ] --START--
INFO: ContentReplace Behavior ::run [ RunTime:0.000841s ]
INFO: TokenBuild Behavior ::run [ RunTime:0.000680s ]
INFO: WriteHtmlCache Behavior ::run [ RunTime:0.000507s ]
INFO: ShowRuntime Behavior ::run [ RunTime:0.000559s ]
INFO: [ view_filter ] --END-- [ RunTime:0.002953s ]
INFO: [ view_end ] --START--
INFO: ShowPageTrace Behavior ::run [ RunTime:0.001184s ]
INFO: [ view_end ] --END-- [ RunTime:0.001414s ]

[ 2013-12-28T00:51:17+08:00 ] 127.0.0.1 /blog/index.php
INFO: [ app_begin ] --START--
INFO: ReadHtmlCache Behavior ::run [ RunTime:0.000723s ]
INFO: [ app_begin ] --END-- [ RunTime:0.000821s ]
INFO: [ view_parse ] --START--
NOTIC: [2] Missing argument 2 for TagLib::parseXmlAttr(), called in E:\www\blog\App\Modules\Index\TagLib\TagLibMytag.class.php on line 13 and defined E:\www\blog\ThinkPHP\Lib\Template\TagLib.class.php 第 80 行.
NOTIC: [8] Undefined variable: tag E:\www\blog\ThinkPHP\Lib\Template\TagLib.class.php 第 91 行.
NOTIC: [8] Undefined index:  E:\www\blog\ThinkPHP\Lib\Template\TagLib.class.php 第 91 行.
NOTIC: [8] Undefined variable: tag E:\www\blog\ThinkPHP\Lib\Template\TagLib.class.php 第 92 行.
SQL: SHOW COLUMNS FROM `bl_cate` [ RunTime:0.003255s ]
SQL: SELECT * FROM `bl_cate` ORDER BY sort LIMIT 15   [ RunTime:0.000576s ]
INFO: ParseTemplate Behavior ::run [ RunTime:0.043169s ]
INFO: [ view_parse ] --END-- [ RunTime:0.043235s ]
INFO: [ view_filter ] --START--
INFO: ContentReplace Behavior ::run [ RunTime:0.000737s ]
INFO: TokenBuild Behavior ::run [ RunTime:0.000620s ]
INFO: WriteHtmlCache Behavior ::run [ RunTime:0.000445s ]
INFO: ShowRuntime Behavior ::run [ RunTime:0.000691s ]
INFO: [ view_filter ] --END-- [ RunTime:0.002802s ]
INFO: [ view_end ] --START--
INFO: ShowPageTrace Behavior ::run [ RunTime:0.000962s ]
INFO: [ view_end ] --END-- [ RunTime:0.001047s ]

[ 2013-12-28T00:57:26+08:00 ] 127.0.0.1 /blog/index.php
INFO: [ app_begin ] --START--
INFO: ReadHtmlCache Behavior ::run [ RunTime:0.001225s ]
INFO: [ app_begin ] --END-- [ RunTime:0.001408s ]
INFO: [ view_parse ] --START--
NOTIC: [2] Missing argument 2 for TagLib::parseXmlAttr(), called in E:\www\blog\App\Modules\Index\TagLib\TagLibMytag.class.php on line 13 and defined E:\www\blog\ThinkPHP\Lib\Template\TagLib.class.php 第 80 行.
NOTIC: [8] Undefined variable: tag E:\www\blog\ThinkPHP\Lib\Template\TagLib.class.php 第 91 行.
NOTIC: [8] Undefined index:  E:\www\blog\ThinkPHP\Lib\Template\TagLib.class.php 第 91 行.
NOTIC: [8] Undefined variable: tag E:\www\blog\ThinkPHP\Lib\Template\TagLib.class.php 第 92 行.

[ 2013-12-28T01:02:37+08:00 ] 127.0.0.1 /blog/index.php
INFO: [ app_begin ] --START--
INFO: ReadHtmlCache Behavior ::run [ RunTime:0.001249s ]
INFO: [ app_begin ] --END-- [ RunTime:0.001373s ]
INFO: [ view_parse ] --START--
NOTIC: [2] Missing argument 2 for TagLib::parseXmlAttr(), called in E:\www\blog\App\Modules\Index\TagLib\TagLibMytag.class.php on line 13 and defined E:\www\blog\ThinkPHP\Lib\Template\TagLib.class.php 第 80 行.
NOTIC: [8] Undefined variable: tag E:\www\blog\ThinkPHP\Lib\Template\TagLib.class.php 第 91 行.
NOTIC: [8] Undefined index:  E:\www\blog\ThinkPHP\Lib\Template\TagLib.class.php 第 91 行.
NOTIC: [8] Undefined variable: tag E:\www\blog\ThinkPHP\Lib\Template\TagLib.class.php 第 92 行.
SQL: SHOW COLUMNS FROM `bl_cate` [ RunTime:0.003398s ]
SQL: SELECT * FROM `bl_cate` ORDER BY sort LIMIT 15   [ RunTime:0.000426s ]
INFO: ParseTemplate Behavior ::run [ RunTime:0.038990s ]
INFO: [ view_parse ] --END-- [ RunTime:0.039064s ]
INFO: [ view_filter ] --START--
INFO: ContentReplace Behavior ::run [ RunTime:0.000973s ]
INFO: TokenBuild Behavior ::run [ RunTime:0.001352s ]
INFO: WriteHtmlCache Behavior ::run [ RunTime:0.000831s ]
INFO: ShowRuntime Behavior ::run [ RunTime:0.000780s ]
INFO: [ view_filter ] --END-- [ RunTime:0.004252s ]
INFO: [ view_end ] --START--
INFO: ShowPageTrace Behavior ::run [ RunTime:0.001327s ]
INFO: [ view_end ] --END-- [ RunTime:0.001415s ]

[ 2013-12-28T13:33:10+08:00 ] 127.0.0.1 /blog/index.php
INFO: [ app_begin ] --START--
INFO: ReadHtmlCache Behavior ::run [ RunTime:0.002112s ]
INFO: [ app_begin ] --END-- [ RunTime:0.002223s ]
INFO: [ view_parse ] --START--
NOTIC: [2] Missing argument 2 for TagLib::parseXmlAttr(), called in E:\www\blog\App\Modules\Index\TagLib\TagLibMytag.class.php on line 13 and defined E:\www\blog\ThinkPHP\Lib\Template\TagLib.class.php 第 80 行.
NOTIC: [8] Undefined variable: tag E:\www\blog\ThinkPHP\Lib\Template\TagLib.class.php 第 91 行.
NOTIC: [8] Undefined index:  E:\www\blog\ThinkPHP\Lib\Template\TagLib.class.php 第 91 行.
NOTIC: [8] Undefined variable: tag E:\www\blog\ThinkPHP\Lib\Template\TagLib.class.php 第 92 行.
SQL: SHOW COLUMNS FROM `bl_cate` [ RunTime:0.052542s ]
SQL: SELECT * FROM `bl_cate` ORDER BY sort LIMIT 15   [ RunTime:0.000465s ]
INFO: ParseTemplate Behavior ::run [ RunTime:0.118544s ]
INFO: [ view_parse ] --END-- [ RunTime:0.118609s ]
INFO: [ view_filter ] --START--
INFO: ContentReplace Behavior ::run [ RunTime:0.001307s ]
INFO: TokenBuild Behavior ::run [ RunTime:0.001313s ]
INFO: WriteHtmlCache Behavior ::run [ RunTime:0.000806s ]
INFO: ShowRuntime Behavior ::run [ RunTime:0.001255s ]
INFO: [ view_filter ] --END-- [ RunTime:0.004968s ]
INFO: [ view_end ] --START--
INFO: ShowPageTrace Behavior ::run [ RunTime:0.001613s ]
INFO: [ view_end ] --END-- [ RunTime:0.001703s ]

[ 2013-12-28T13:33:29+08:00 ] 127.0.0.1 /blog/index.php
INFO: [ app_begin ] --START--
INFO: ReadHtmlCache Behavior ::run [ RunTime:0.000734s ]
INFO: [ app_begin ] --END-- [ RunTime:0.000831s ]
INFO: [ view_parse ] --START--
NOTIC: [2] Missing argument 2 for TagLib::parseXmlAttr(), called in E:\www\blog\App\Modules\Index\TagLib\TagLibMytag.class.php on line 13 and defined E:\www\blog\ThinkPHP\Lib\Template\TagLib.class.php 第 80 行.
NOTIC: [8] Undefined variable: tag E:\www\blog\ThinkPHP\Lib\Template\TagLib.class.php 第 91 行.
NOTIC: [8] Undefined index:  E:\www\blog\ThinkPHP\Lib\Template\TagLib.class.php 第 91 行.
NOTIC: [8] Undefined variable: tag E:\www\blog\ThinkPHP\Lib\Template\TagLib.class.php 第 92 行.
SQL: SHOW COLUMNS FROM `bl_cate` [ RunTime:0.003115s ]
SQL: SELECT * FROM `bl_cate` ORDER BY sort DESC LIMIT 15   [ RunTime:0.000438s ]
INFO: ParseTemplate Behavior ::run [ RunTime:0.040193s ]
INFO: [ view_parse ] --END-- [ RunTime:0.040257s ]
INFO: [ view_filter ] --START--
INFO: ContentReplace Behavior ::run [ RunTime:0.000610s ]
INFO: TokenBuild Behavior ::run [ RunTime:0.000486s ]
INFO: WriteHtmlCache Behavior ::run [ RunTime:0.000362s ]
INFO: ShowRuntime Behavior ::run [ RunTime:0.000521s ]
INFO: [ view_filter ] --END-- [ RunTime:0.002234s ]
INFO: [ view_end ] --START--
INFO: ShowPageTrace Behavior ::run [ RunTime:0.000870s ]
INFO: [ view_end ] --END-- [ RunTime:0.000960s ]

[ 2013-12-28T13:38:18+08:00 ] 127.0.0.1 /blog/index.php
INFO: [ app_begin ] --START--
INFO: ReadHtmlCache Behavior ::run [ RunTime:0.000761s ]
INFO: [ app_begin ] --END-- [ RunTime:0.000857s ]
INFO: [ view_parse ] --START--
NOTIC: [2] Missing argument 2 for TagLib::parseXmlAttr(), called in E:\www\blog\App\Modules\Index\TagLib\TagLibMytag.class.php on line 13 and defined E:\www\blog\ThinkPHP\Lib\Template\TagLib.class.php 第 80 行.
NOTIC: [8] Undefined variable: tag E:\www\blog\ThinkPHP\Lib\Template\TagLib.class.php 第 91 行.
NOTIC: [8] Undefined index:  E:\www\blog\ThinkPHP\Lib\Template\TagLib.class.php 第 91 行.
NOTIC: [8] Undefined variable: tag E:\www\blog\ThinkPHP\Lib\Template\TagLib.class.php 第 92 行.
SQL: SHOW COLUMNS FROM `bl_cate` [ RunTime:0.002733s ]
SQL: SELECT * FROM `bl_cate` ORDER BY sort DESC LIMIT 15   [ RunTime:0.000450s ]
INFO: ParseTemplate Behavior ::run [ RunTime:0.040523s ]
INFO: [ view_parse ] --END-- [ RunTime:0.040588s ]
INFO: [ view_filter ] --START--
INFO: ContentReplace Behavior ::run [ RunTime:0.000608s ]
INFO: TokenBuild Behavior ::run [ RunTime:0.000485s ]
INFO: WriteHtmlCache Behavior ::run [ RunTime:0.000394s ]
INFO: ShowRuntime Behavior ::run [ RunTime:0.000523s ]
INFO: [ view_filter ] --END-- [ RunTime:0.002268s ]
INFO: [ view_end ] --START--
INFO: ShowPageTrace Behavior ::run [ RunTime:0.000923s ]
INFO: [ view_end ] --END-- [ RunTime:0.001107s ]

[ 2013-12-28T13:38:18+08:00 ] 127.0.0.1 /blog/index.php
INFO: [ app_begin ] --START--
INFO: ReadHtmlCache Behavior ::run [ RunTime:0.000520s ]
INFO: [ app_begin ] --END-- [ RunTime:0.000617s ]
INFO: [ view_parse ] --START--
NOTIC: [2] Missing argument 2 for TagLib::parseXmlAttr(), called in E:\www\blog\App\Modules\Index\TagLib\TagLibMytag.class.php on line 13 and defined E:\www\blog\ThinkPHP\Lib\Template\TagLib.class.php 第 80 行.
NOTIC: [8] Undefined variable: tag E:\www\blog\ThinkPHP\Lib\Template\TagLib.class.php 第 91 行.
NOTIC: [8] Undefined index:  E:\www\blog\ThinkPHP\Lib\Template\TagLib.class.php 第 91 行.
NOTIC: [8] Undefined variable: tag E:\www\blog\ThinkPHP\Lib\Template\TagLib.class.php 第 92 行.
SQL: SHOW COLUMNS FROM `bl_cate` [ RunTime:0.002943s ]
SQL: SELECT * FROM `bl_cate` ORDER BY sort DESC LIMIT 15   [ RunTime:0.000435s ]
INFO: ParseTemplate Behavior ::run [ RunTime:0.037372s ]
INFO: [ view_parse ] --END-- [ RunTime:0.037433s ]
INFO: [ view_filter ] --START--
INFO: ContentReplace Behavior ::run [ RunTime:0.000477s ]
INFO: TokenBuild Behavior ::run [ RunTime:0.000367s ]
INFO: WriteHtmlCache Behavior ::run [ RunTime:0.000248s ]
INFO: ShowRuntime Behavior ::run [ RunTime:0.000401s ]
INFO: [ view_filter ] --END-- [ RunTime:0.001724s ]
INFO: [ view_end ] --START--
INFO: ShowPageTrace Behavior ::run [ RunTime:0.000758s ]
INFO: [ view_end ] --END-- [ RunTime:0.000846s ]

[ 2013-12-28T13:38:23+08:00 ] 127.0.0.1 /blog/index.php
INFO: [ app_begin ] --START--
INFO: ReadHtmlCache Behavior ::run [ RunTime:0.000752s ]
INFO: [ app_begin ] --END-- [ RunTime:0.000850s ]
INFO: [ view_parse ] --START--
NOTIC: [2] Missing argument 2 for TagLib::parseXmlAttr(), called in E:\www\blog\App\Modules\Index\TagLib\TagLibMytag.class.php on line 13 and defined E:\www\blog\ThinkPHP\Lib\Template\TagLib.class.php 第 80 行.
NOTIC: [8] Undefined variable: tag E:\www\blog\ThinkPHP\Lib\Template\TagLib.class.php 第 91 行.
NOTIC: [8] Undefined index:  E:\www\blog\ThinkPHP\Lib\Template\TagLib.class.php 第 91 行.
NOTIC: [8] Undefined variable: tag E:\www\blog\ThinkPHP\Lib\Template\TagLib.class.php 第 92 行.
SQL: SHOW COLUMNS FROM `bl_cate` [ RunTime:0.003178s ]
SQL: SELECT * FROM `bl_cate` ORDER BY sort DESC LIMIT 15   [ RunTime:0.000456s ]
INFO: ParseTemplate Behavior ::run [ RunTime:0.040181s ]
INFO: [ view_parse ] --END-- [ RunTime:0.040259s ]
INFO: [ view_filter ] --START--
INFO: ContentReplace Behavior ::run [ RunTime:0.000616s ]
INFO: TokenBuild Behavior ::run [ RunTime:0.000635s ]
INFO: WriteHtmlCache Behavior ::run [ RunTime:0.000385s ]
INFO: ShowRuntime Behavior ::run [ RunTime:0.000563s ]
INFO: [ view_filter ] --END-- [ RunTime:0.002446s ]
INFO: [ view_end ] --START--
INFO: ShowPageTrace Behavior ::run [ RunTime:0.001019s ]
INFO: [ view_end ] --END-- [ RunTime:0.001195s ]

[ 2013-12-28T13:38:29+08:00 ] 127.0.0.1 /blog/index.php
INFO: [ app_begin ] --START--
INFO: ReadHtmlCache Behavior ::run [ RunTime:0.000721s ]
INFO: [ app_begin ] --END-- [ RunTime:0.000814s ]
INFO: [ view_parse ] --START--
NOTIC: [2] Missing argument 2 for TagLib::parseXmlAttr(), called in E:\www\blog\App\Modules\Index\TagLib\TagLibMytag.class.php on line 13 and defined E:\www\blog\ThinkPHP\Lib\Template\TagLib.class.php 第 80 行.
NOTIC: [8] Undefined variable: tag E:\www\blog\ThinkPHP\Lib\Template\TagLib.class.php 第 91 行.
NOTIC: [8] Undefined index:  E:\www\blog\ThinkPHP\Lib\Template\TagLib.class.php 第 91 行.
NOTIC: [8] Undefined variable: tag E:\www\blog\ThinkPHP\Lib\Template\TagLib.class.php 第 92 行.
SQL: SHOW COLUMNS FROM `bl_cate` [ RunTime:0.002728s ]
SQL: SELECT * FROM `bl_cate` ORDER BY sort  LIMIT 15   [ RunTime:0.000442s ]
INFO: ParseTemplate Behavior ::run [ RunTime:0.038935s ]
INFO: [ view_parse ] --END-- [ RunTime:0.039004s ]
INFO: [ view_filter ] --START--
INFO: ContentReplace Behavior ::run [ RunTime:0.000608s ]
INFO: TokenBuild Behavior ::run [ RunTime:0.000487s ]
INFO: WriteHtmlCache Behavior ::run [ RunTime:0.000385s ]
INFO: ShowRuntime Behavior ::run [ RunTime:0.000523s ]
INFO: [ view_filter ] --END-- [ RunTime:0.002251s ]
INFO: [ view_end ] --START--
INFO: ShowPageTrace Behavior ::run [ RunTime:0.000794s ]
INFO: [ view_end ] --END-- [ RunTime:0.000872s ]

[ 2013-12-28T13:52:44+08:00 ] 127.0.0.1 /blog/index.php
INFO: [ app_begin ] --START--
INFO: ReadHtmlCache Behavior ::run [ RunTime:0.000744s ]
INFO: [ app_begin ] --END-- [ RunTime:0.000841s ]
SQL: SHOW COLUMNS FROM `bl_cate` [ RunTime:0.003278s ]
SQL: SELECT * FROM `bl_cate`  [ RunTime:0.000468s ]

[ 2013-12-28T13:55:13+08:00 ] 127.0.0.1 /blog/index.php/Admin
INFO: [ route_check ] --START--
INFO: CheckRoute Behavior ::run [ RunTime:0.096861s ]
INFO: [ route_check ] --END-- [ RunTime:0.096959s ]
INFO: [ app_begin ] --START--
INFO: ReadHtmlCache Behavior ::run [ RunTime:0.000595s ]
INFO: [ app_begin ] --END-- [ RunTime:0.000668s ]

[ 2013-12-28T13:55:13+08:00 ] 127.0.0.1 /blog/index.php/Admin/Login/index
INFO: [ route_check ] --START--
INFO: CheckRoute Behavior ::run [ RunTime:0.000677s ]
INFO: [ route_check ] --END-- [ RunTime:0.000796s ]
INFO: [ app_begin ] --START--
INFO: ReadHtmlCache Behavior ::run [ RunTime:0.000498s ]
INFO: [ app_begin ] --END-- [ RunTime:0.000564s ]
INFO: [ view_parse ] --START--
INFO: ParseTemplate Behavior ::run [ RunTime:0.085406s ]
INFO: [ view_parse ] --END-- [ RunTime:0.085499s ]
INFO: [ view_filter ] --START--
INFO: ContentReplace Behavior ::run [ RunTime:0.000502s ]
INFO: TokenBuild Behavior ::run [ RunTime:0.000447s ]
INFO: WriteHtmlCache Behavior ::run [ RunTime:0.000366s ]
INFO: ShowRuntime Behavior ::run [ RunTime:0.000485s ]
INFO: [ view_filter ] --END-- [ RunTime:0.001958s ]
INFO: [ view_end ] --START--
INFO: ShowPageTrace Behavior ::run [ RunTime:0.000644s ]
INFO: [ view_end ] --END-- [ RunTime:0.000702s ]

[ 2013-12-28T13:55:13+08:00 ] 127.0.0.1 /blog/index.php/Admin/Login/verify
INFO: [ route_check ] --START--
INFO: CheckRoute Behavior ::run [ RunTime:0.001086s ]
INFO: [ route_check ] --END-- [ RunTime:0.001187s ]
INFO: [ app_begin ] --START--
INFO: ReadHtmlCache Behavior ::run [ RunTime:0.000761s ]
INFO: [ app_begin ] --END-- [ RunTime:0.000855s ]

[ 2013-12-28T13:55:16+08:00 ] 127.0.0.1 /blog/index.php/
INFO: [ route_check ] --START--
INFO: CheckRoute Behavior ::run [ RunTime:0.000705s ]
INFO: [ route_check ] --END-- [ RunTime:0.000804s ]
INFO: [ app_begin ] --START--
INFO: ReadHtmlCache Behavior ::run [ RunTime:0.000516s ]
INFO: [ app_begin ] --END-- [ RunTime:0.000581s ]
INFO: [ view_parse ] --START--
NOTIC: [2] Missing argument 2 for TagLib::parseXmlAttr(), called in E:\www\blog\App\Modules\Index\TagLib\TagLibMytag.class.php on line 13 and defined E:\www\blog\ThinkPHP\Lib\Template\TagLib.class.php 第 80 行.
NOTIC: [8] Undefined variable: tag E:\www\blog\ThinkPHP\Lib\Template\TagLib.class.php 第 91 行.
NOTIC: [8] Undefined index:  E:\www\blog\ThinkPHP\Lib\Template\TagLib.class.php 第 91 行.
NOTIC: [8] Undefined variable: tag E:\www\blog\ThinkPHP\Lib\Template\TagLib.class.php 第 92 行.
SQL: SHOW COLUMNS FROM `bl_cate` [ RunTime:0.003125s ]
SQL: SELECT * FROM `bl_cate` ORDER BY sort LIMIT 30   [ RunTime:0.000462s ]
INFO: ParseTemplate Behavior ::run [ RunTime:0.029387s ]
INFO: [ view_parse ] --END-- [ RunTime:0.029455s ]
INFO: [ view_filter ] --START--
INFO: ContentReplace Behavior ::run [ RunTime:0.000617s ]
INFO: TokenBuild Behavior ::run [ RunTime:0.000473s ]
INFO: WriteHtmlCache Behavior ::run [ RunTime:0.000364s ]
INFO: ShowRuntime Behavior ::run [ RunTime:0.000499s ]
INFO: [ view_filter ] --END-- [ RunTime:0.002124s ]
INFO: [ view_end ] --START--
INFO: ShowPageTrace Behavior ::run [ RunTime:0.000890s ]
INFO: [ view_end ] --END-- [ RunTime:0.001007s ]

[ 2013-12-28T13:58:01+08:00 ] 127.0.0.1 /blog/index.php/
INFO: [ route_check ] --START--
INFO: CheckRoute Behavior ::run [ RunTime:0.000929s ]
INFO: [ route_check ] --END-- [ RunTime:0.001026s ]
INFO: [ app_begin ] --START--
INFO: ReadHtmlCache Behavior ::run [ RunTime:0.000574s ]
INFO: [ app_begin ] --END-- [ RunTime:0.000644s ]
INFO: [ view_parse ] --START--
NOTIC: [2] Missing argument 2 for TagLib::parseXmlAttr(), called in E:\www\blog\App\Modules\Index\TagLib\TagLibMytag.class.php on line 13 and defined E:\www\blog\ThinkPHP\Lib\Template\TagLib.class.php 第 80 行.
NOTIC: [8] Undefined variable: tag E:\www\blog\ThinkPHP\Lib\Template\TagLib.class.php 第 91 行.
NOTIC: [8] Undefined index:  E:\www\blog\ThinkPHP\Lib\Template\TagLib.class.php 第 91 行.
NOTIC: [8] Undefined variable: tag E:\www\blog\ThinkPHP\Lib\Template\TagLib.class.php 第 92 行.
SQL: SHOW COLUMNS FROM `bl_cate` [ RunTime:0.003195s ]
SQL: SELECT * FROM `bl_cate` ORDER BY sort LIMIT 30   [ RunTime:0.000483s ]
NOTIC: [8] Undefined variable: value E:\www\blog\App\Runtime\Cache\Index\a2035b5f40cb4c634ca544f2d3fdbc07.php 第 51 行.
NOTIC: [8] Undefined variable: value E:\www\blog\App\Runtime\Cache\Index\a2035b5f40cb4c634ca544f2d3fdbc07.php 第 51 行.
NOTIC: [8] Undefined variable: value E:\www\blog\App\Runtime\Cache\Index\a2035b5f40cb4c634ca544f2d3fdbc07.php 第 51 行.
NOTIC: [8] Undefined variable: value E:\www\blog\App\Runtime\Cache\Index\a2035b5f40cb4c634ca544f2d3fdbc07.php 第 51 行.
NOTIC: [8] Undefined variable: value E:\www\blog\App\Runtime\Cache\Index\a2035b5f40cb4c634ca544f2d3fdbc07.php 第 51 行.
NOTIC: [8] Undefined variable: value E:\www\blog\App\Runtime\Cache\Index\a2035b5f40cb4c634ca544f2d3fdbc07.php 第 51 行.
NOTIC: [8] Undefined variable: value E:\www\blog\App\Runtime\Cache\Index\a2035b5f40cb4c634ca544f2d3fdbc07.php 第 51 行.
INFO: ParseTemplate Behavior ::run [ RunTime:0.043520s ]
INFO: [ view_parse ] --END-- [ RunTime:0.043579s ]
INFO: [ view_filter ] --START--
INFO: ContentReplace Behavior ::run [ RunTime:0.000612s ]
INFO: TokenBuild Behavior ::run [ RunTime:0.000481s ]
INFO: WriteHtmlCache Behavior ::run [ RunTime:0.000358s ]
INFO: ShowRuntime Behavior ::run [ RunTime:0.000522s ]
INFO: [ view_filter ] --END-- [ RunTime:0.002138s ]
INFO: [ view_end ] --START--
INFO: ShowPageTrace Behavior ::run [ RunTime:0.000959s ]
INFO: [ view_end ] --END-- [ RunTime:0.001808s ]

[ 2013-12-28T13:58:59+08:00 ] 127.0.0.1 /blog/index.php/
INFO: [ route_check ] --START--
INFO: CheckRoute Behavior ::run [ RunTime:0.000917s ]
INFO: [ route_check ] --END-- [ RunTime:0.001020s ]
INFO: [ app_begin ] --START--
INFO: ReadHtmlCache Behavior ::run [ RunTime:0.000580s ]
INFO: [ app_begin ] --END-- [ RunTime:0.000652s ]
SQL: SHOW COLUMNS FROM `bl_cate` [ RunTime:0.003323s ]
SQL: SELECT * FROM `bl_cate`  [ RunTime:0.000466s ]

[ 2013-12-28T13:59:41+08:00 ] 127.0.0.1 /blog/index.php/
INFO: [ route_check ] --START--
INFO: CheckRoute Behavior ::run [ RunTime:0.000920s ]
INFO: [ route_check ] --END-- [ RunTime:0.001016s ]
INFO: [ app_begin ] --START--
INFO: ReadHtmlCache Behavior ::run [ RunTime:0.000627s ]
INFO: [ app_begin ] --END-- [ RunTime:0.000703s ]
INFO: [ view_parse ] --START--
NOTIC: [2] Missing argument 2 for TagLib::parseXmlAttr(), called in E:\www\blog\App\Modules\Index\TagLib\TagLibMytag.class.php on line 13 and defined E:\www\blog\ThinkPHP\Lib\Template\TagLib.class.php 第 80 行.
NOTIC: [8] Undefined variable: tag E:\www\blog\ThinkPHP\Lib\Template\TagLib.class.php 第 91 行.
NOTIC: [8] Undefined index:  E:\www\blog\ThinkPHP\Lib\Template\TagLib.class.php 第 91 行.
NOTIC: [8] Undefined variable: tag E:\www\blog\ThinkPHP\Lib\Template\TagLib.class.php 第 92 行.
SQL: SHOW COLUMNS FROM `bl_cate` [ RunTime:0.002993s ]
SQL: SELECT * FROM `bl_cate` ORDER BY sort LIMIT 30   [ RunTime:0.000506s ]
INFO: ParseTemplate Behavior ::run [ RunTime:0.032010s ]
INFO: [ view_parse ] --END-- [ RunTime:0.032073s ]
INFO: [ view_filter ] --START--
INFO: ContentReplace Behavior ::run [ RunTime:0.000613s ]
INFO: TokenBuild Behavior ::run [ RunTime:0.000480s ]
INFO: WriteHtmlCache Behavior ::run [ RunTime:0.000370s ]
INFO: ShowRuntime Behavior ::run [ RunTime:0.000608s ]
INFO: [ view_filter ] --END-- [ RunTime:0.002255s ]
INFO: [ view_end ] --START--
INFO: ShowPageTrace Behavior ::run [ RunTime:0.000809s ]
INFO: [ view_end ] --END-- [ RunTime:0.000903s ]

[ 2013-12-28T14:03:34+08:00 ] 127.0.0.1 /blog/index.php/
INFO: [ route_check ] --START--
INFO: CheckRoute Behavior ::run [ RunTime:0.000913s ]
INFO: [ route_check ] --END-- [ RunTime:0.001031s ]
INFO: [ app_begin ] --START--
INFO: ReadHtmlCache Behavior ::run [ RunTime:0.000603s ]
INFO: [ app_begin ] --END-- [ RunTime:0.000676s ]
INFO: [ view_parse ] --START--
NOTIC: [2] Missing argument 2 for TagLib::parseXmlAttr(), called in E:\www\blog\App\Modules\Index\TagLib\TagLibMytag.class.php on line 13 and defined E:\www\blog\ThinkPHP\Lib\Template\TagLib.class.php 第 80 行.
NOTIC: [8] Undefined variable: tag E:\www\blog\ThinkPHP\Lib\Template\TagLib.class.php 第 91 行.
NOTIC: [8] Undefined index:  E:\www\blog\ThinkPHP\Lib\Template\TagLib.class.php 第 91 行.
NOTIC: [8] Undefined variable: tag E:\www\blog\ThinkPHP\Lib\Template\TagLib.class.php 第 92 行.
SQL: SHOW COLUMNS FROM `bl_cate` [ RunTime:0.003911s ]
SQL: SELECT * FROM `bl_cate` ORDER BY sort  [ RunTime:0.000529s ]
INFO: ParseTemplate Behavior ::run [ RunTime:0.045320s ]
INFO: [ view_parse ] --END-- [ RunTime:0.045390s ]
INFO: [ view_filter ] --START--
INFO: ContentReplace Behavior ::run [ RunTime:0.000671s ]
INFO: TokenBuild Behavior ::run [ RunTime:0.000687s ]
INFO: WriteHtmlCache Behavior ::run [ RunTime:0.000533s ]
INFO: ShowRuntime Behavior ::run [ RunTime:0.000688s ]
INFO: [ view_filter ] --END-- [ RunTime:0.002809s ]
INFO: [ view_end ] --START--
INFO: ShowPageTrace Behavior ::run [ RunTime:0.002080s ]
INFO: [ view_end ] --END-- [ RunTime:0.002169s ]

[ 2013-12-28T14:03:35+08:00 ] 127.0.0.1 /blog/index.php/
INFO: [ route_check ] --START--
INFO: CheckRoute Behavior ::run [ RunTime:0.001458s ]
INFO: [ route_check ] --END-- [ RunTime:0.001577s ]
INFO: [ app_begin ] --START--
INFO: ReadHtmlCache Behavior ::run [ RunTime:0.000619s ]
INFO: [ app_begin ] --END-- [ RunTime:0.000698s ]
INFO: [ view_parse ] --START--
NOTIC: [2] Missing argument 2 for TagLib::parseXmlAttr(), called in E:\www\blog\App\Modules\Index\TagLib\TagLibMytag.class.php on line 13 and defined E:\www\blog\ThinkPHP\Lib\Template\TagLib.class.php 第 80 行.
NOTIC: [8] Undefined variable: tag E:\www\blog\ThinkPHP\Lib\Template\TagLib.class.php 第 91 行.
NOTIC: [8] Undefined index:  E:\www\blog\ThinkPHP\Lib\Template\TagLib.class.php 第 91 行.
NOTIC: [8] Undefined variable: tag E:\www\blog\ThinkPHP\Lib\Template\TagLib.class.php 第 92 行.
SQL: SHOW COLUMNS FROM `bl_cate` [ RunTime:0.002873s ]
SQL: SELECT * FROM `bl_cate` ORDER BY sort  [ RunTime:0.000506s ]
INFO: ParseTemplate Behavior ::run [ RunTime:0.035592s ]
INFO: [ view_parse ] --END-- [ RunTime:0.035656s ]
INFO: [ view_filter ] --START--
INFO: ContentReplace Behavior ::run [ RunTime:0.000613s ]
INFO: TokenBuild Behavior ::run [ RunTime:0.000468s ]
INFO: WriteHtmlCache Behavior ::run [ RunTime:0.000364s ]
INFO: ShowRuntime Behavior ::run [ RunTime:0.000487s ]
INFO: [ view_filter ] --END-- [ RunTime:0.002102s ]
INFO: [ view_end ] --START--
INFO: ShowPageTrace Behavior ::run [ RunTime:0.000717s ]
INFO: [ view_end ] --END-- [ RunTime:0.000791s ]

[ 2013-12-28T14:03:36+08:00 ] 127.0.0.1 /blog/index.php/
INFO: [ route_check ] --START--
INFO: CheckRoute Behavior ::run [ RunTime:0.000904s ]
INFO: [ route_check ] --END-- [ RunTime:0.000998s ]
INFO: [ app_begin ] --START--
INFO: ReadHtmlCache Behavior ::run [ RunTime:0.000590s ]
INFO: [ app_begin ] --END-- [ RunTime:0.000662s ]
INFO: [ view_parse ] --START--
NOTIC: [2] Missing argument 2 for TagLib::parseXmlAttr(), called in E:\www\blog\App\Modules\Index\TagLib\TagLibMytag.class.php on line 13 and defined E:\www\blog\ThinkPHP\Lib\Template\TagLib.class.php 第 80 行.
NOTIC: [8] Undefined variable: tag E:\www\blog\ThinkPHP\Lib\Template\TagLib.class.php 第 91 行.
NOTIC: [8] Undefined index:  E:\www\blog\ThinkPHP\Lib\Template\TagLib.class.php 第 91 行.
NOTIC: [8] Undefined variable: tag E:\www\blog\ThinkPHP\Lib\Template\TagLib.class.php 第 92 行.
SQL: SHOW COLUMNS FROM `bl_cate` [ RunTime:0.002796s ]
SQL: SELECT * FROM `bl_cate` ORDER BY sort  [ RunTime:0.000507s ]
INFO: ParseTemplate Behavior ::run [ RunTime:0.044839s ]
INFO: [ view_parse ] --END-- [ RunTime:0.044902s ]
INFO: [ view_filter ] --START--
INFO: ContentReplace Behavior ::run [ RunTime:0.000586s ]
INFO: TokenBuild Behavior ::run [ RunTime:0.000695s ]
INFO: WriteHtmlCache Behavior ::run [ RunTime:0.000409s ]
INFO: ShowRuntime Behavior ::run [ RunTime:0.000490s ]
INFO: [ view_filter ] --END-- [ RunTime:0.002419s ]
INFO: [ view_end ] --START--
INFO: ShowPageTrace Behavior ::run [ RunTime:0.000857s ]
INFO: [ view_end ] --END-- [ RunTime:0.001000s ]

[ 2013-12-28T14:03:36+08:00 ] 127.0.0.1 /blog/index.php/
INFO: [ route_check ] --START--
INFO: CheckRoute Behavior ::run [ RunTime:0.000667s ]
INFO: [ route_check ] --END-- [ RunTime:0.000759s ]
INFO: [ app_begin ] --START--
INFO: ReadHtmlCache Behavior ::run [ RunTime:0.000488s ]
INFO: [ app_begin ] --END-- [ RunTime:0.000556s ]
INFO: [ view_parse ] --START--
NOTIC: [2] Missing argument 2 for TagLib::parseXmlAttr(), called in E:\www\blog\App\Modules\Index\TagLib\TagLibMytag.class.php on line 13 and defined E:\www\blog\ThinkPHP\Lib\Template\TagLib.class.php 第 80 行.
NOTIC: [8] Undefined variable: tag E:\www\blog\ThinkPHP\Lib\Template\TagLib.class.php 第 91 行.
NOTIC: [8] Undefined index:  E:\www\blog\ThinkPHP\Lib\Template\TagLib.class.php 第 91 行.
NOTIC: [8] Undefined variable: tag E:\www\blog\ThinkPHP\Lib\Template\TagLib.class.php 第 92 行.
SQL: SHOW COLUMNS FROM `bl_cate` [ RunTime:0.002651s ]
SQL: SELECT * FROM `bl_cate` ORDER BY sort  [ RunTime:0.000422s ]
INFO: ParseTemplate Behavior ::run [ RunTime:0.038675s ]
INFO: [ view_parse ] --END-- [ RunTime:0.038738s ]
INFO: [ view_filter ] --START--
INFO: ContentReplace Behavior ::run [ RunTime:0.000505s ]
INFO: TokenBuild Behavior ::run [ RunTime:0.000359s ]
INFO: WriteHtmlCache Behavior ::run [ RunTime:0.000263s ]
INFO: ShowRuntime Behavior ::run [ RunTime:0.000380s ]
INFO: [ view_filter ] --END-- [ RunTime:0.001666s ]
INFO: [ view_end ] --START--
INFO: ShowPageTrace Behavior ::run [ RunTime:0.000616s ]
INFO: [ view_end ] --END-- [ RunTime:0.000689s ]

[ 2013-12-28T14:04:10+08:00 ] 127.0.0.1 /blog/index.php/
INFO: [ route_check ] --START--
INFO: CheckRoute Behavior ::run [ RunTime:0.000910s ]
INFO: [ route_check ] --END-- [ RunTime:0.001004s ]
INFO: [ app_begin ] --START--
INFO: ReadHtmlCache Behavior ::run [ RunTime:0.000599s ]
INFO: [ app_begin ] --END-- [ RunTime:0.000670s ]
INFO: [ view_parse ] --START--
NOTIC: [2] Missing argument 2 for TagLib::parseXmlAttr(), called in E:\www\blog\App\Modules\Index\TagLib\TagLibMytag.class.php on line 13 and defined E:\www\blog\ThinkPHP\Lib\Template\TagLib.class.php 第 80 行.
NOTIC: [8] Undefined variable: tag E:\www\blog\ThinkPHP\Lib\Template\TagLib.class.php 第 91 行.
NOTIC: [8] Undefined index:  E:\www\blog\ThinkPHP\Lib\Template\TagLib.class.php 第 91 行.
NOTIC: [8] Undefined variable: tag E:\www\blog\ThinkPHP\Lib\Template\TagLib.class.php 第 92 行.
SQL: SHOW COLUMNS FROM `bl_cate` [ RunTime:0.003194s ]
SQL: SELECT * FROM `bl_cate` ORDER BY sort  [ RunTime:0.000519s ]
INFO: ParseTemplate Behavior ::run [ RunTime:0.040825s ]
INFO: [ view_parse ] --END-- [ RunTime:0.040889s ]
INFO: [ view_filter ] --START--
INFO: ContentReplace Behavior ::run [ RunTime:0.000602s ]
INFO: TokenBuild Behavior ::run [ RunTime:0.000473s ]
INFO: WriteHtmlCache Behavior ::run [ RunTime:0.000367s ]
INFO: ShowRuntime Behavior ::run [ RunTime:0.000494s ]
INFO: [ view_filter ] --END-- [ RunTime:0.002110s ]
INFO: [ view_end ] --START--
INFO: ShowPageTrace Behavior ::run [ RunTime:0.000876s ]
INFO: [ view_end ] --END-- [ RunTime:0.000999s ]

[ 2013-12-28T14:06:47+08:00 ] 127.0.0.1 /blog/index.php/
INFO: [ route_check ] --START--
INFO: CheckRoute Behavior ::run [ RunTime:0.001037s ]
INFO: [ route_check ] --END-- [ RunTime:0.001133s ]
INFO: [ app_begin ] --START--
INFO: ReadHtmlCache Behavior ::run [ RunTime:0.000750s ]
INFO: [ app_begin ] --END-- [ RunTime:0.000828s ]
INFO: [ view_parse ] --START--
NOTIC: [2] Missing argument 2 for TagLib::parseXmlAttr(), called in E:\www\blog\App\Modules\Index\TagLib\TagLibMytag.class.php on line 13 and defined E:\www\blog\ThinkPHP\Lib\Template\TagLib.class.php 第 80 行.
NOTIC: [8] Undefined variable: tag E:\www\blog\ThinkPHP\Lib\Template\TagLib.class.php 第 91 行.
NOTIC: [8] Undefined index:  E:\www\blog\ThinkPHP\Lib\Template\TagLib.class.php 第 91 行.
NOTIC: [8] Undefined variable: tag E:\www\blog\ThinkPHP\Lib\Template\TagLib.class.php 第 92 行.
SQL: SHOW COLUMNS FROM `bl_cate` [ RunTime:0.003253s ]
SQL: SELECT * FROM `bl_cate` ORDER BY sort  [ RunTime:0.000434s ]
INFO: ParseTemplate Behavior ::run [ RunTime:0.040455s ]
INFO: [ view_parse ] --END-- [ RunTime:0.040519s ]
INFO: [ view_filter ] --START--
INFO: ContentReplace Behavior ::run [ RunTime:0.000689s ]
INFO: TokenBuild Behavior ::run [ RunTime:0.000550s ]
INFO: WriteHtmlCache Behavior ::run [ RunTime:0.000388s ]
INFO: ShowRuntime Behavior ::run [ RunTime:0.000494s ]
INFO: [ view_filter ] --END-- [ RunTime:0.002308s ]
INFO: [ view_end ] --START--
INFO: ShowPageTrace Behavior ::run [ RunTime:0.000848s ]
INFO: [ view_end ] --END-- [ RunTime:0.000930s ]

[ 2013-12-28T14:10:48+08:00 ] 127.0.0.1 /blog/index.php/
INFO: [ route_check ] --START--
INFO: CheckRoute Behavior ::run [ RunTime:0.001182s ]
INFO: [ route_check ] --END-- [ RunTime:0.001297s ]
INFO: [ app_begin ] --START--
INFO: ReadHtmlCache Behavior ::run [ RunTime:0.000607s ]
INFO: [ app_begin ] --END-- [ RunTime:0.000691s ]
INFO: [ view_parse ] --START--
NOTIC: [2] Missing argument 2 for TagLib::parseXmlAttr(), called in E:\www\blog\App\Modules\Index\TagLib\TagLibMytag.class.php on line 13 and defined E:\www\blog\ThinkPHP\Lib\Template\TagLib.class.php 第 80 行.
NOTIC: [8] Undefined variable: tag E:\www\blog\ThinkPHP\Lib\Template\TagLib.class.php 第 91 行.
NOTIC: [8] Undefined index:  E:\www\blog\ThinkPHP\Lib\Template\TagLib.class.php 第 91 行.
NOTIC: [8] Undefined variable: tag E:\www\blog\ThinkPHP\Lib\Template\TagLib.class.php 第 92 行.
SQL: SHOW COLUMNS FROM `bl_cate` [ RunTime:0.002894s ]
SQL: SELECT * FROM `bl_cate` ORDER BY sort  [ RunTime:0.000513s ]
NOTIC: [8] Undefined variable: child E:\www\blog\App\Runtime\Cache\Index\a2035b5f40cb4c634ca544f2d3fdbc07.php 第 51 行.
NOTIC: [8] Undefined variable: child E:\www\blog\App\Runtime\Cache\Index\a2035b5f40cb4c634ca544f2d3fdbc07.php 第 51 行.
NOTIC: [8] Undefined variable: child E:\www\blog\App\Runtime\Cache\Index\a2035b5f40cb4c634ca544f2d3fdbc07.php 第 51 行.
NOTIC: [8] Undefined variable: child E:\www\blog\App\Runtime\Cache\Index\a2035b5f40cb4c634ca544f2d3fdbc07.php 第 51 行.
NOTIC: [8] Undefined variable: child E:\www\blog\App\Runtime\Cache\Index\a2035b5f40cb4c634ca544f2d3fdbc07.php 第 51 行.
NOTIC: [8] Undefined variable: child E:\www\blog\App\Runtime\Cache\Index\a2035b5f40cb4c634ca544f2d3fdbc07.php 第 51 行.
NOTIC: [8] Undefined variable: child E:\www\blog\App\Runtime\Cache\Index\a2035b5f40cb4c634ca544f2d3fdbc07.php 第 51 行.
NOTIC: [8] Undefined variable: child E:\www\blog\App\Runtime\Cache\Index\a2035b5f40cb4c634ca544f2d3fdbc07.php 第 51 行.
NOTIC: [8] Undefined variable: child E:\www\blog\App\Runtime\Cache\Index\a2035b5f40cb4c634ca544f2d3fdbc07.php 第 51 行.
NOTIC: [8] Undefined variable: child E:\www\blog\App\Runtime\Cache\Index\a2035b5f40cb4c634ca544f2d3fdbc07.php 第 51 行.
NOTIC: [8] Undefined variable: child E:\www\blog\App\Runtime\Cache\Index\a2035b5f40cb4c634ca544f2d3fdbc07.php 第 51 行.
NOTIC: [8] Undefined variable: child E:\www\blog\App\Runtime\Cache\Index\a2035b5f40cb4c634ca544f2d3fdbc07.php 第 51 行.
NOTIC: [8] Undefined variable: child E:\www\blog\App\Runtime\Cache\Index\a2035b5f40cb4c634ca544f2d3fdbc07.php 第 51 行.
NOTIC: [8] Undefined variable: child E:\www\blog\App\Runtime\Cache\Index\a2035b5f40cb4c634ca544f2d3fdbc07.php 第 51 行.
NOTIC: [8] Undefined variable: child E:\www\blog\App\Runtime\Cache\Index\a2035b5f40cb4c634ca544f2d3fdbc07.php 第 51 行.
NOTIC: [8] Undefined variable: child E:\www\blog\App\Runtime\Cache\Index\a2035b5f40cb4c634ca544f2d3fdbc07.php 第 51 行.
NOTIC: [8] Undefined variable: child E:\www\blog\App\Runtime\Cache\Index\a2035b5f40cb4c634ca544f2d3fdbc07.php 第 51 行.
NOTIC: [8] Undefined variable: child E:\www\blog\App\Runtime\Cache\Index\a2035b5f40cb4c634ca544f2d3fdbc07.php 第 51 行.
INFO: ParseTemplate Behavior ::run [ RunTime:0.041109s ]
INFO: [ view_parse ] --END-- [ RunTime:0.041174s ]
INFO: [ view_filter ] --START--
INFO: ContentReplace Behavior ::run [ RunTime:0.000655s ]
INFO: TokenBuild Behavior ::run [ RunTime:0.000503s ]
INFO: WriteHtmlCache Behavior ::run [ RunTime:0.000363s ]
INFO: ShowRuntime Behavior ::run [ RunTime:0.000525s ]
INFO: [ view_filter ] --END-- [ RunTime:0.002218s ]
INFO: [ view_end ] --START--
INFO: ShowPageTrace Behavior ::run [ RunTime:0.000861s ]
INFO: [ view_end ] --END-- [ RunTime:0.000944s ]

[ 2013-12-28T14:11:15+08:00 ] 127.0.0.1 /blog/index.php/
INFO: [ route_check ] --START--
INFO: CheckRoute Behavior ::run [ RunTime:0.000901s ]
INFO: [ route_check ] --END-- [ RunTime:0.001027s ]
INFO: [ app_begin ] --START--
INFO: ReadHtmlCache Behavior ::run [ RunTime:0.000924s ]
INFO: [ app_begin ] --END-- [ RunTime:0.001041s ]
INFO: [ view_parse ] --START--
NOTIC: [2] Missing argument 2 for TagLib::parseXmlAttr(), called in E:\www\blog\App\Modules\Index\TagLib\TagLibMytag.class.php on line 13 and defined E:\www\blog\ThinkPHP\Lib\Template\TagLib.class.php 第 80 行.
NOTIC: [8] Undefined variable: tag E:\www\blog\ThinkPHP\Lib\Template\TagLib.class.php 第 91 行.
NOTIC: [8] Undefined index:  E:\www\blog\ThinkPHP\Lib\Template\TagLib.class.php 第 91 行.
NOTIC: [8] Undefined variable: tag E:\www\blog\ThinkPHP\Lib\Template\TagLib.class.php 第 92 行.
SQL: SHOW COLUMNS FROM `bl_cate` [ RunTime:0.003133s ]
SQL: SELECT * FROM `bl_cate` ORDER BY sort  [ RunTime:0.000435s ]
INFO: ParseTemplate Behavior ::run [ RunTime:0.032430s ]
INFO: [ view_parse ] --END-- [ RunTime:0.032498s ]
INFO: [ view_filter ] --START--
INFO: ContentReplace Behavior ::run [ RunTime:0.000591s ]
INFO: TokenBuild Behavior ::run [ RunTime:0.000534s ]
INFO: WriteHtmlCache Behavior ::run [ RunTime:0.000370s ]
INFO: ShowRuntime Behavior ::run [ RunTime:0.000758s ]
INFO: [ view_filter ] --END-- [ RunTime:0.002447s ]
INFO: [ view_end ] --START--
INFO: ShowPageTrace Behavior ::run [ RunTime:0.000846s ]
INFO: [ view_end ] --END-- [ RunTime:0.000979s ]

