[ 2013-12-24T09:24:11+08:00 ] 127.0.0.1 /blog/index.php/Admin
INFO: [ route_check ] --START--
INFO: CheckRoute Behavior ::run [ RunTime:0.002858s ]
INFO: [ route_check ] --END-- [ RunTime:0.003035s ]
INFO: [ app_begin ] --START--
INFO: ReadHtmlCache Behavior ::run [ RunTime:0.001557s ]
INFO: [ app_begin ] --END-- [ RunTime:0.001702s ]

[ 2013-12-24T09:24:11+08:00 ] 127.0.0.1 /blog/index.php/Admin/Login/index
INFO: [ route_check ] --START--
INFO: CheckRoute Behavior ::run [ RunTime:0.001192s ]
INFO: [ route_check ] --END-- [ RunTime:0.001351s ]
INFO: [ app_begin ] --START--
INFO: ReadHtmlCache Behavior ::run [ RunTime:0.000813s ]
INFO: [ app_begin ] --END-- [ RunTime:0.000926s ]
INFO: [ view_parse ] --START--
INFO: ParseTemplate Behavior ::run [ RunTime:0.071348s ]
INFO: [ view_parse ] --END-- [ RunTime:0.071487s ]
INFO: [ view_filter ] --START--
INFO: ContentReplace Behavior ::run [ RunTime:0.001084s ]
INFO: TokenBuild Behavior ::run [ RunTime:0.004496s ]
INFO: WriteHtmlCache Behavior ::run [ RunTime:0.000963s ]
INFO: ShowRuntime Behavior ::run [ RunTime:0.007394s ]
INFO: [ view_filter ] --END-- [ RunTime:0.014336s ]
INFO: [ view_end ] --START--
INFO: ShowPageTrace Behavior ::run [ RunTime:0.001464s ]
INFO: [ view_end ] --END-- [ RunTime:0.001575s ]

[ 2013-12-24T09:24:11+08:00 ] 127.0.0.1 /blog/index.php/Admin/Login/verify
INFO: [ route_check ] --START--
INFO: CheckRoute Behavior ::run [ RunTime:0.002313s ]
INFO: [ route_check ] --END-- [ RunTime:0.002644s ]
INFO: [ app_begin ] --START--
INFO: ReadHtmlCache Behavior ::run [ RunTime:0.001412s ]
INFO: [ app_begin ] --END-- [ RunTime:0.001627s ]

[ 2013-12-24T09:24:17+08:00 ] 127.0.0.1 /blog/index.php/Admin/Login/login
INFO: [ route_check ] --START--
INFO: CheckRoute Behavior ::run [ RunTime:0.001185s ]
INFO: [ route_check ] --END-- [ RunTime:0.001343s ]
INFO: [ app_begin ] --START--
INFO: ReadHtmlCache Behavior ::run [ RunTime:0.000818s ]
INFO: [ app_begin ] --END-- [ RunTime:0.000944s ]
SQL: SHOW COLUMNS FROM `bl_user` [ RunTime:0.082744s ]
SQL: SELECT * FROM `bl_user` WHERE ( `username` = 'admin' ) LIMIT 1   [ RunTime:0.022278s ]
SQL: UPDATE `bl_user` SET `logintime`=1387848257,`loginip`='127.0.0.1' WHERE ( `id` = 1 ) [ RunTime:0.076191s ]

[ 2013-12-24T09:24:20+08:00 ] 127.0.0.1 /blog/index.php/Admin
INFO: [ route_check ] --START--
INFO: CheckRoute Behavior ::run [ RunTime:0.001194s ]
INFO: [ route_check ] --END-- [ RunTime:0.001351s ]
INFO: [ app_begin ] --START--
INFO: ReadHtmlCache Behavior ::run [ RunTime:0.000845s ]
INFO: [ app_begin ] --END-- [ RunTime:0.000965s ]
INFO: [ view_parse ] --START--
INFO: ParseTemplate Behavior ::run [ RunTime:0.037730s ]
INFO: [ view_parse ] --END-- [ RunTime:0.037894s ]
INFO: [ view_filter ] --START--
INFO: ContentReplace Behavior ::run [ RunTime:0.000654s ]
INFO: TokenBuild Behavior ::run [ RunTime:0.000598s ]
INFO: WriteHtmlCache Behavior ::run [ RunTime:0.000453s ]
INFO: ShowRuntime Behavior ::run [ RunTime:0.000699s ]
INFO: [ view_filter ] --END-- [ RunTime:0.002706s ]
INFO: [ view_end ] --START--
INFO: ShowPageTrace Behavior ::run [ RunTime:0.000917s ]
INFO: [ view_end ] --END-- [ RunTime:0.001022s ]

[ 2013-12-24T09:24:20+08:00 ] 127.0.0.1 /blog/index.php/Admin
INFO: [ route_check ] --START--
INFO: CheckRoute Behavior ::run [ RunTime:0.001536s ]
INFO: [ route_check ] --END-- [ RunTime:0.001726s ]
INFO: [ app_begin ] --START--
INFO: ReadHtmlCache Behavior ::run [ RunTime:0.001121s ]
INFO: [ app_begin ] --END-- [ RunTime:0.001281s ]
INFO: [ view_parse ] --START--
INFO: ParseTemplate Behavior ::run [ RunTime:0.013108s ]
INFO: [ view_parse ] --END-- [ RunTime:0.013241s ]
INFO: [ view_filter ] --START--
INFO: ContentReplace Behavior ::run [ RunTime:0.000688s ]
INFO: TokenBuild Behavior ::run [ RunTime:0.000778s ]
INFO: WriteHtmlCache Behavior ::run [ RunTime:0.000627s ]
INFO: ShowRuntime Behavior ::run [ RunTime:0.000861s ]
INFO: [ view_filter ] --END-- [ RunTime:0.003343s ]
INFO: [ view_end ] --START--
INFO: ShowPageTrace Behavior ::run [ RunTime:0.001070s ]
INFO: [ view_end ] --END-- [ RunTime:0.001202s ]

[ 2013-12-24T09:24:25+08:00 ] 127.0.0.1 /blog/index.php/Admin/Attribute/index
INFO: [ route_check ] --START--
INFO: CheckRoute Behavior ::run [ RunTime:0.001255s ]
INFO: [ route_check ] --END-- [ RunTime:0.001492s ]
INFO: [ app_begin ] --START--
INFO: ReadHtmlCache Behavior ::run [ RunTime:0.000820s ]
INFO: [ app_begin ] --END-- [ RunTime:0.000938s ]
SQL: SHOW COLUMNS FROM `bl_attr` [ RunTime:0.024426s ]
SQL: SELECT * FROM `bl_attr`  [ RunTime:0.000434s ]
INFO: [ view_parse ] --START--
INFO: ParseTemplate Behavior ::run [ RunTime:0.045125s ]
INFO: [ view_parse ] --END-- [ RunTime:0.045437s ]
INFO: [ view_filter ] --START--
INFO: ContentReplace Behavior ::run [ RunTime:0.000605s ]
INFO: TokenBuild Behavior ::run [ RunTime:0.000594s ]
INFO: WriteHtmlCache Behavior ::run [ RunTime:0.000482s ]
INFO: ShowRuntime Behavior ::run [ RunTime:0.000788s ]
INFO: [ view_filter ] --END-- [ RunTime:0.002823s ]
INFO: [ view_end ] --START--
INFO: ShowPageTrace Behavior ::run [ RunTime:0.000942s ]
INFO: [ view_end ] --END-- [ RunTime:0.001052s ]

[ 2013-12-24T09:24:29+08:00 ] 127.0.0.1 /blog/index.php/Admin/Attribute/addAttr
INFO: [ route_check ] --START--
INFO: CheckRoute Behavior ::run [ RunTime:0.001197s ]
INFO: [ route_check ] --END-- [ RunTime:0.001358s ]
INFO: [ app_begin ] --START--
INFO: ReadHtmlCache Behavior ::run [ RunTime:0.000932s ]
INFO: [ app_begin ] --END-- [ RunTime:0.001057s ]
INFO: [ view_parse ] --START--
INFO: ParseTemplate Behavior ::run [ RunTime:0.027919s ]
INFO: [ view_parse ] --END-- [ RunTime:0.028055s ]
INFO: [ view_filter ] --START--
INFO: ContentReplace Behavior ::run [ RunTime:0.000614s ]
INFO: TokenBuild Behavior ::run [ RunTime:0.000604s ]
INFO: WriteHtmlCache Behavior ::run [ RunTime:0.000522s ]
INFO: ShowRuntime Behavior ::run [ RunTime:0.000762s ]
INFO: [ view_filter ] --END-- [ RunTime:0.002823s ]
INFO: [ view_end ] --START--
INFO: ShowPageTrace Behavior ::run [ RunTime:0.001119s ]
INFO: [ view_end ] --END-- [ RunTime:0.001236s ]

[ 2013-12-24T09:24:32+08:00 ] 127.0.0.1 /blog/index.php/Admin/Blog/addBlog
INFO: [ route_check ] --START--
INFO: CheckRoute Behavior ::run [ RunTime:0.001198s ]
INFO: [ route_check ] --END-- [ RunTime:0.001359s ]
INFO: [ app_begin ] --START--
INFO: ReadHtmlCache Behavior ::run [ RunTime:0.000826s ]
INFO: [ app_begin ] --END-- [ RunTime:0.000942s ]
SQL: SHOW COLUMNS FROM `bl_cate` [ RunTime:0.022886s ]
SQL: SELECT * FROM `bl_cate` ORDER BY sort  [ RunTime:0.010345s ]
SQL: SHOW COLUMNS FROM `bl_attr` [ RunTime:0.003099s ]
SQL: SELECT * FROM `bl_attr`  [ RunTime:0.000543s ]
INFO: [ view_parse ] --START--
INFO: ParseTemplate Behavior ::run [ RunTime:0.016133s ]
INFO: [ view_parse ] --END-- [ RunTime:0.016821s ]
INFO: [ view_filter ] --START--
INFO: ContentReplace Behavior ::run [ RunTime:0.000659s ]
INFO: TokenBuild Behavior ::run [ RunTime:0.000603s ]
INFO: WriteHtmlCache Behavior ::run [ RunTime:0.000504s ]
INFO: ShowRuntime Behavior ::run [ RunTime:0.000741s ]
INFO: [ view_filter ] --END-- [ RunTime:0.002817s ]
INFO: [ view_end ] --START--
INFO: ShowPageTrace Behavior ::run [ RunTime:0.000928s ]
INFO: [ view_end ] --END-- [ RunTime:0.001033s ]

[ 2013-12-24T09:24:41+08:00 ] 127.0.0.1 /blog/index.php/Admin/Blog/addBlog
INFO: [ route_check ] --START--
INFO: CheckRoute Behavior ::run [ RunTime:0.001673s ]
INFO: [ route_check ] --END-- [ RunTime:0.001833s ]
INFO: [ app_begin ] --START--
INFO: ReadHtmlCache Behavior ::run [ RunTime:0.001019s ]
INFO: [ app_begin ] --END-- [ RunTime:0.001144s ]
SQL: SHOW COLUMNS FROM `bl_cate` [ RunTime:0.003093s ]
SQL: SELECT * FROM `bl_cate` ORDER BY sort  [ RunTime:0.000606s ]
SQL: SHOW COLUMNS FROM `bl_attr` [ RunTime:0.003064s ]
SQL: SELECT * FROM `bl_attr`  [ RunTime:0.000391s ]
INFO: [ view_parse ] --START--
INFO: ParseTemplate Behavior ::run [ RunTime:0.015933s ]
INFO: [ view_parse ] --END-- [ RunTime:0.016070s ]
INFO: [ view_filter ] --START--
INFO: ContentReplace Behavior ::run [ RunTime:0.001260s ]
INFO: TokenBuild Behavior ::run [ RunTime:0.000915s ]
INFO: WriteHtmlCache Behavior ::run [ RunTime:0.000677s ]
INFO: ShowRuntime Behavior ::run [ RunTime:0.000925s ]
INFO: [ view_filter ] --END-- [ RunTime:0.004127s ]
INFO: [ view_end ] --START--
INFO: ShowPageTrace Behavior ::run [ RunTime:0.001166s ]
INFO: [ view_end ] --END-- [ RunTime:0.001277s ]

[ 2013-12-24T09:26:33+08:00 ] 127.0.0.1 /blog/index.php/Admin/Blog/addBlog
INFO: [ route_check ] --START--
INFO: CheckRoute Behavior ::run [ RunTime:0.001668s ]
INFO: [ route_check ] --END-- [ RunTime:0.001835s ]
INFO: [ app_begin ] --START--
INFO: ReadHtmlCache Behavior ::run [ RunTime:0.001063s ]
INFO: [ app_begin ] --END-- [ RunTime:0.001194s ]
SQL: SHOW COLUMNS FROM `bl_cate` [ RunTime:0.003074s ]
SQL: SELECT * FROM `bl_cate` ORDER BY sort  [ RunTime:0.000606s ]
SQL: SHOW COLUMNS FROM `bl_attr` [ RunTime:0.003877s ]
SQL: SELECT * FROM `bl_attr`  [ RunTime:0.000388s ]
INFO: [ view_parse ] --START--
INFO: ParseTemplate Behavior ::run [ RunTime:0.017288s ]
INFO: [ view_parse ] --END-- [ RunTime:0.017461s ]
INFO: [ view_filter ] --START--
INFO: ContentReplace Behavior ::run [ RunTime:0.001272s ]
INFO: TokenBuild Behavior ::run [ RunTime:0.000929s ]
INFO: WriteHtmlCache Behavior ::run [ RunTime:0.000668s ]
INFO: ShowRuntime Behavior ::run [ RunTime:0.000950s ]
INFO: [ view_filter ] --END-- [ RunTime:0.004140s ]
INFO: [ view_end ] --START--
INFO: ShowPageTrace Behavior ::run [ RunTime:0.001133s ]
INFO: [ view_end ] --END-- [ RunTime:0.001240s ]

[ 2013-12-24T09:28:29+08:00 ] 127.0.0.1 /blog/index.php/Admin/Blog/addBlog
INFO: [ route_check ] --START--
INFO: CheckRoute Behavior ::run [ RunTime:0.001852s ]
INFO: [ route_check ] --END-- [ RunTime:0.002120s ]
INFO: [ app_begin ] --START--
INFO: ReadHtmlCache Behavior ::run [ RunTime:0.001044s ]
INFO: [ app_begin ] --END-- [ RunTime:0.001172s ]
SQL: SHOW COLUMNS FROM `bl_cate` [ RunTime:0.003081s ]
SQL: SELECT * FROM `bl_cate` ORDER BY sort  [ RunTime:0.000589s ]
SQL: SHOW COLUMNS FROM `bl_attr` [ RunTime:0.003798s ]
SQL: SELECT * FROM `bl_attr`  [ RunTime:0.000397s ]
INFO: [ view_parse ] --START--
INFO: ParseTemplate Behavior ::run [ RunTime:0.018674s ]
INFO: [ view_parse ] --END-- [ RunTime:0.018838s ]
INFO: [ view_filter ] --START--
INFO: ContentReplace Behavior ::run [ RunTime:0.001367s ]
INFO: TokenBuild Behavior ::run [ RunTime:0.001061s ]
INFO: WriteHtmlCache Behavior ::run [ RunTime:0.000743s ]
INFO: ShowRuntime Behavior ::run [ RunTime:0.000963s ]
INFO: [ view_filter ] --END-- [ RunTime:0.004479s ]
INFO: [ view_end ] --START--
INFO: ShowPageTrace Behavior ::run [ RunTime:0.001168s ]
INFO: [ view_end ] --END-- [ RunTime:0.001278s ]

[ 2013-12-24T16:32:56+08:00 ] 127.0.0.1 /blog/index.php/Admin
INFO: [ route_check ] --START--
INFO: CheckRoute Behavior ::run [ RunTime:0.017632s ]
INFO: [ route_check ] --END-- [ RunTime:0.017848s ]
INFO: [ app_begin ] --START--
INFO: ReadHtmlCache Behavior ::run [ RunTime:0.001629s ]
INFO: [ app_begin ] --END-- [ RunTime:0.001773s ]

[ 2013-12-24T16:32:56+08:00 ] 127.0.0.1 /blog/index.php/Admin/Login/index
INFO: [ route_check ] --START--
INFO: CheckRoute Behavior ::run [ RunTime:0.002640s ]
INFO: [ route_check ] --END-- [ RunTime:0.005961s ]
INFO: [ app_begin ] --START--
INFO: ReadHtmlCache Behavior ::run [ RunTime:0.001276s ]
INFO: [ app_begin ] --END-- [ RunTime:0.001439s ]
INFO: [ view_parse ] --START--
INFO: ParseTemplate Behavior ::run [ RunTime:0.034367s ]
INFO: [ view_parse ] --END-- [ RunTime:0.034543s ]
INFO: [ view_filter ] --START--
INFO: ContentReplace Behavior ::run [ RunTime:0.001234s ]
INFO: TokenBuild Behavior ::run [ RunTime:0.009342s ]
INFO: WriteHtmlCache Behavior ::run [ RunTime:0.001026s ]
INFO: ShowRuntime Behavior ::run [ RunTime:0.001319s ]
INFO: [ view_filter ] --END-- [ RunTime:0.013308s ]
INFO: [ view_end ] --START--
INFO: ShowPageTrace Behavior ::run [ RunTime:0.002658s ]
INFO: [ view_end ] --END-- [ RunTime:0.002813s ]

[ 2013-12-24T16:32:57+08:00 ] 127.0.0.1 /blog/index.php/Admin/Login/verify
INFO: [ route_check ] --START--
INFO: CheckRoute Behavior ::run [ RunTime:0.001423s ]
INFO: [ route_check ] --END-- [ RunTime:0.001628s ]
INFO: [ app_begin ] --START--
INFO: ReadHtmlCache Behavior ::run [ RunTime:0.000919s ]
INFO: [ app_begin ] --END-- [ RunTime:0.001053s ]

[ 2013-12-24T16:33:04+08:00 ] 127.0.0.1 /blog/index.php/Admin/Login/login
INFO: [ route_check ] --START--
INFO: CheckRoute Behavior ::run [ RunTime:0.001682s ]
INFO: [ route_check ] --END-- [ RunTime:0.001840s ]
INFO: [ app_begin ] --START--
INFO: ReadHtmlCache Behavior ::run [ RunTime:0.001014s ]
INFO: [ app_begin ] --END-- [ RunTime:0.001132s ]
SQL: SHOW COLUMNS FROM `bl_user` [ RunTime:0.058826s ]
SQL: SELECT * FROM `bl_user` WHERE ( `username` = 'admin' ) LIMIT 1   [ RunTime:0.000941s ]
SQL: UPDATE `bl_user` SET `logintime`=1387873984,`loginip`='127.0.0.1' WHERE ( `id` = 1 ) [ RunTime:0.011807s ]

[ 2013-12-24T16:33:07+08:00 ] 127.0.0.1 /blog/index.php/Admin
INFO: [ route_check ] --START--
INFO: CheckRoute Behavior ::run [ RunTime:0.001197s ]
INFO: [ route_check ] --END-- [ RunTime:0.001355s ]
INFO: [ app_begin ] --START--
INFO: ReadHtmlCache Behavior ::run [ RunTime:0.000811s ]
INFO: [ app_begin ] --END-- [ RunTime:0.000925s ]
INFO: [ view_parse ] --START--
INFO: ParseTemplate Behavior ::run [ RunTime:0.030993s ]
INFO: [ view_parse ] --END-- [ RunTime:0.031131s ]
INFO: [ view_filter ] --START--
INFO: ContentReplace Behavior ::run [ RunTime:0.000850s ]
INFO: TokenBuild Behavior ::run [ RunTime:0.000926s ]
INFO: WriteHtmlCache Behavior ::run [ RunTime:0.000808s ]
INFO: ShowRuntime Behavior ::run [ RunTime:0.000929s ]
INFO: [ view_filter ] --END-- [ RunTime:0.003836s ]
INFO: [ view_end ] --START--
INFO: ShowPageTrace Behavior ::run [ RunTime:0.001133s ]
INFO: [ view_end ] --END-- [ RunTime:0.001244s ]

[ 2013-12-24T16:33:07+08:00 ] 127.0.0.1 /blog/index.php/Admin
INFO: [ route_check ] --START--
INFO: CheckRoute Behavior ::run [ RunTime:0.001479s ]
INFO: [ route_check ] --END-- [ RunTime:0.001765s ]
INFO: [ app_begin ] --START--
INFO: ReadHtmlCache Behavior ::run [ RunTime:0.000818s ]
INFO: [ app_begin ] --END-- [ RunTime:0.000930s ]
INFO: [ view_parse ] --START--
INFO: ParseTemplate Behavior ::run [ RunTime:0.012128s ]
INFO: [ view_parse ] --END-- [ RunTime:0.012260s ]
INFO: [ view_filter ] --START--
INFO: ContentReplace Behavior ::run [ RunTime:0.000768s ]
INFO: TokenBuild Behavior ::run [ RunTime:0.000757s ]
INFO: WriteHtmlCache Behavior ::run [ RunTime:0.000542s ]
INFO: ShowRuntime Behavior ::run [ RunTime:0.000854s ]
INFO: [ view_filter ] --END-- [ RunTime:0.003280s ]
INFO: [ view_end ] --START--
INFO: ShowPageTrace Behavior ::run [ RunTime:0.001066s ]
INFO: [ view_end ] --END-- [ RunTime:0.001192s ]

[ 2013-12-24T16:33:18+08:00 ] 127.0.0.1 /blog/index.php/Admin/Blog/addBlog
INFO: [ route_check ] --START--
INFO: CheckRoute Behavior ::run [ RunTime:0.001181s ]
INFO: [ route_check ] --END-- [ RunTime:0.001338s ]
INFO: [ app_begin ] --START--
INFO: ReadHtmlCache Behavior ::run [ RunTime:0.000811s ]
INFO: [ app_begin ] --END-- [ RunTime:0.000923s ]
SQL: SHOW COLUMNS FROM `bl_cate` [ RunTime:0.033801s ]
SQL: SELECT * FROM `bl_cate` ORDER BY sort  [ RunTime:0.000626s ]
SQL: SHOW COLUMNS FROM `bl_attr` [ RunTime:0.012075s ]
SQL: SELECT * FROM `bl_attr`  [ RunTime:0.000400s ]
INFO: [ view_parse ] --START--

[ 2013-12-24T16:33:43+08:00 ] 127.0.0.1 /blog/index.php/Admin
INFO: [ route_check ] --START--
INFO: CheckRoute Behavior ::run [ RunTime:0.001313s ]
INFO: [ route_check ] --END-- [ RunTime:0.001478s ]
INFO: [ app_begin ] --START--
INFO: ReadHtmlCache Behavior ::run [ RunTime:0.000943s ]
INFO: [ app_begin ] --END-- [ RunTime:0.001070s ]
INFO: [ view_parse ] --START--
INFO: ParseTemplate Behavior ::run [ RunTime:0.012233s ]
INFO: [ view_parse ] --END-- [ RunTime:0.012364s ]
INFO: [ view_filter ] --START--
INFO: ContentReplace Behavior ::run [ RunTime:0.000601s ]
INFO: TokenBuild Behavior ::run [ RunTime:0.000610s ]
INFO: WriteHtmlCache Behavior ::run [ RunTime:0.000445s ]
INFO: ShowRuntime Behavior ::run [ RunTime:0.000693s ]
INFO: [ view_filter ] --END-- [ RunTime:0.002638s ]
INFO: [ view_end ] --START--
INFO: ShowPageTrace Behavior ::run [ RunTime:0.000878s ]
INFO: [ view_end ] --END-- [ RunTime:0.000986s ]

[ 2013-12-24T16:33:43+08:00 ] 127.0.0.1 /blog/index.php/Admin
INFO: [ route_check ] --START--
INFO: CheckRoute Behavior ::run [ RunTime:0.001676s ]
INFO: [ route_check ] --END-- [ RunTime:0.002052s ]
INFO: [ app_begin ] --START--
INFO: ReadHtmlCache Behavior ::run [ RunTime:0.001023s ]
INFO: [ app_begin ] --END-- [ RunTime:0.001188s ]
INFO: [ view_parse ] --START--
INFO: ParseTemplate Behavior ::run [ RunTime:0.019773s ]
INFO: [ view_parse ] --END-- [ RunTime:0.019912s ]
INFO: [ view_filter ] --START--
INFO: ContentReplace Behavior ::run [ RunTime:0.000739s ]
INFO: TokenBuild Behavior ::run [ RunTime:0.000611s ]
INFO: WriteHtmlCache Behavior ::run [ RunTime:0.000435s ]
INFO: ShowRuntime Behavior ::run [ RunTime:0.000689s ]
INFO: [ view_filter ] --END-- [ RunTime:0.002764s ]
INFO: [ view_end ] --START--
INFO: ShowPageTrace Behavior ::run [ RunTime:0.000880s ]
INFO: [ view_end ] --END-- [ RunTime:0.000982s ]

[ 2013-12-24T16:33:45+08:00 ] 127.0.0.1 /blog/index.php/Admin/Blog/addBlog
INFO: [ route_check ] --START--
INFO: CheckRoute Behavior ::run [ RunTime:0.001640s ]
INFO: [ route_check ] --END-- [ RunTime:0.001797s ]
INFO: [ app_begin ] --START--
INFO: ReadHtmlCache Behavior ::run [ RunTime:0.001147s ]
INFO: [ app_begin ] --END-- [ RunTime:0.001285s ]
SQL: SHOW COLUMNS FROM `bl_cate` [ RunTime:0.003500s ]
SQL: SELECT * FROM `bl_cate` ORDER BY sort  [ RunTime:0.000624s ]
SQL: SHOW COLUMNS FROM `bl_attr` [ RunTime:0.003059s ]
SQL: SELECT * FROM `bl_attr`  [ RunTime:0.000393s ]
INFO: [ view_parse ] --START--

[ 2013-12-24T16:34:18+08:00 ] 127.0.0.1 /blog/index.php/Admin
INFO: [ route_check ] --START--
INFO: CheckRoute Behavior ::run [ RunTime:0.001663s ]
INFO: [ route_check ] --END-- [ RunTime:0.001834s ]
INFO: [ app_begin ] --START--
INFO: ReadHtmlCache Behavior ::run [ RunTime:0.001013s ]
INFO: [ app_begin ] --END-- [ RunTime:0.001132s ]
INFO: [ view_parse ] --START--
INFO: ParseTemplate Behavior ::run [ RunTime:0.015020s ]
INFO: [ view_parse ] --END-- [ RunTime:0.015158s ]
INFO: [ view_filter ] --START--
INFO: ContentReplace Behavior ::run [ RunTime:0.000850s ]
INFO: TokenBuild Behavior ::run [ RunTime:0.000827s ]
INFO: WriteHtmlCache Behavior ::run [ RunTime:0.000664s ]
INFO: ShowRuntime Behavior ::run [ RunTime:0.001121s ]
INFO: [ view_filter ] --END-- [ RunTime:0.003785s ]
INFO: [ view_end ] --START--
INFO: ShowPageTrace Behavior ::run [ RunTime:0.001156s ]
INFO: [ view_end ] --END-- [ RunTime:0.001264s ]

[ 2013-12-24T16:34:18+08:00 ] 127.0.0.1 /blog/index.php/Admin
INFO: [ route_check ] --START--
INFO: CheckRoute Behavior ::run [ RunTime:0.001496s ]
INFO: [ route_check ] --END-- [ RunTime:0.001695s ]
INFO: [ app_begin ] --START--
INFO: ReadHtmlCache Behavior ::run [ RunTime:0.000895s ]
INFO: [ app_begin ] --END-- [ RunTime:0.001024s ]
INFO: [ view_parse ] --START--
INFO: ParseTemplate Behavior ::run [ RunTime:0.018424s ]
INFO: [ view_parse ] --END-- [ RunTime:0.018665s ]
INFO: [ view_filter ] --START--
INFO: ContentReplace Behavior ::run [ RunTime:0.001221s ]
INFO: TokenBuild Behavior ::run [ RunTime:0.001260s ]
INFO: WriteHtmlCache Behavior ::run [ RunTime:0.001253s ]
INFO: ShowRuntime Behavior ::run [ RunTime:0.001197s ]
INFO: [ view_filter ] --END-- [ RunTime:0.006517s ]
INFO: [ view_end ] --START--
INFO: ShowPageTrace Behavior ::run [ RunTime:0.001448s ]
INFO: [ view_end ] --END-- [ RunTime:0.001621s ]

[ 2013-12-24T16:34:19+08:00 ] 127.0.0.1 /blog/index.php/Admin/Blog/addBlog
INFO: [ route_check ] --START--
INFO: CheckRoute Behavior ::run [ RunTime:0.001163s ]
INFO: [ route_check ] --END-- [ RunTime:0.001324s ]
INFO: [ app_begin ] --START--
INFO: ReadHtmlCache Behavior ::run [ RunTime:0.000803s ]
INFO: [ app_begin ] --END-- [ RunTime:0.000917s ]
SQL: SHOW COLUMNS FROM `bl_cate` [ RunTime:0.003384s ]
SQL: SELECT * FROM `bl_cate` ORDER BY sort  [ RunTime:0.000607s ]
SQL: SHOW COLUMNS FROM `bl_attr` [ RunTime:0.003105s ]
SQL: SELECT * FROM `bl_attr`  [ RunTime:0.000386s ]
INFO: [ view_parse ] --START--

[ 2013-12-24T16:34:32+08:00 ] 127.0.0.1 /blog/index.php/Admin/Blog/addBlog
INFO: [ route_check ] --START--
INFO: CheckRoute Behavior ::run [ RunTime:0.001431s ]
INFO: [ route_check ] --END-- [ RunTime:0.001617s ]
INFO: [ app_begin ] --START--
INFO: ReadHtmlCache Behavior ::run [ RunTime:0.000819s ]
INFO: [ app_begin ] --END-- [ RunTime:0.000934s ]
SQL: SHOW COLUMNS FROM `bl_cate` [ RunTime:0.003088s ]
SQL: SELECT * FROM `bl_cate` ORDER BY sort  [ RunTime:0.000885s ]
SQL: SHOW COLUMNS FROM `bl_attr` [ RunTime:0.003271s ]
SQL: SELECT * FROM `bl_attr`  [ RunTime:0.000397s ]
INFO: [ view_parse ] --START--
INFO: ParseTemplate Behavior ::run [ RunTime:0.014104s ]
INFO: [ view_parse ] --END-- [ RunTime:0.014245s ]
INFO: [ view_filter ] --START--
INFO: ContentReplace Behavior ::run [ RunTime:0.000613s ]
INFO: TokenBuild Behavior ::run [ RunTime:0.000598s ]
INFO: WriteHtmlCache Behavior ::run [ RunTime:0.000435s ]
INFO: ShowRuntime Behavior ::run [ RunTime:0.000694s ]
INFO: [ view_filter ] --END-- [ RunTime:0.002627s ]
INFO: [ view_end ] --START--
INFO: ShowPageTrace Behavior ::run [ RunTime:0.001206s ]
INFO: [ view_end ] --END-- [ RunTime:0.001335s ]

[ 2013-12-24T16:35:06+08:00 ] 127.0.0.1 /blog/index.php/Admin/Blog/addBlog
INFO: [ route_check ] --START--
INFO: CheckRoute Behavior ::run [ RunTime:0.001665s ]
INFO: [ route_check ] --END-- [ RunTime:0.001819s ]
INFO: [ app_begin ] --START--
INFO: ReadHtmlCache Behavior ::run [ RunTime:0.001061s ]
INFO: [ app_begin ] --END-- [ RunTime:0.001187s ]
SQL: SHOW COLUMNS FROM `bl_cate` [ RunTime:0.003080s ]
SQL: SELECT * FROM `bl_cate` ORDER BY sort  [ RunTime:0.000760s ]
SQL: SHOW COLUMNS FROM `bl_attr` [ RunTime:0.003180s ]
SQL: SELECT * FROM `bl_attr`  [ RunTime:0.000391s ]
INFO: [ view_parse ] --START--

[ 2013-12-24T16:36:53+08:00 ] 127.0.0.1 /blog/index.php/Admin/Blog/addBlog
INFO: [ route_check ] --START--
INFO: CheckRoute Behavior ::run [ RunTime:0.001394s ]
INFO: [ route_check ] --END-- [ RunTime:0.001584s ]
INFO: [ app_begin ] --START--
INFO: ReadHtmlCache Behavior ::run [ RunTime:0.000982s ]
INFO: [ app_begin ] --END-- [ RunTime:0.001125s ]
SQL: SHOW COLUMNS FROM `bl_cate` [ RunTime:0.003909s ]
SQL: SELECT * FROM `bl_cate` ORDER BY sort  [ RunTime:0.000766s ]
SQL: SHOW COLUMNS FROM `bl_attr` [ RunTime:0.003624s ]
SQL: SELECT * FROM `bl_attr`  [ RunTime:0.000505s ]
INFO: [ view_parse ] --START--
INFO: ParseTemplate Behavior ::run [ RunTime:0.015082s ]
INFO: [ view_parse ] --END-- [ RunTime:0.015250s ]
INFO: [ view_filter ] --START--
INFO: ContentReplace Behavior ::run [ RunTime:0.001005s ]
INFO: TokenBuild Behavior ::run [ RunTime:0.000985s ]
INFO: WriteHtmlCache Behavior ::run [ RunTime:0.000901s ]
INFO: ShowRuntime Behavior ::run [ RunTime:0.001202s ]
INFO: [ view_filter ] --END-- [ RunTime:0.004481s ]
INFO: [ view_end ] --START--
INFO: ShowPageTrace Behavior ::run [ RunTime:0.001315s ]
INFO: [ view_end ] --END-- [ RunTime:0.001457s ]

[ 2013-12-24T16:37:33+08:00 ] 127.0.0.1 /blog/index.php/Admin/Blog/addBlog
INFO: [ route_check ] --START--
INFO: CheckRoute Behavior ::run [ RunTime:0.001876s ]
INFO: [ route_check ] --END-- [ RunTime:0.002041s ]
INFO: [ app_begin ] --START--
INFO: ReadHtmlCache Behavior ::run [ RunTime:0.001060s ]
INFO: [ app_begin ] --END-- [ RunTime:0.001182s ]
SQL: SHOW COLUMNS FROM `bl_cate` [ RunTime:0.003797s ]
SQL: SELECT * FROM `bl_cate` ORDER BY sort  [ RunTime:0.000602s ]
SQL: SHOW COLUMNS FROM `bl_attr` [ RunTime:0.003175s ]
SQL: SELECT * FROM `bl_attr`  [ RunTime:0.000378s ]
INFO: [ view_parse ] --START--
INFO: ParseTemplate Behavior ::run [ RunTime:0.016088s ]
INFO: [ view_parse ] --END-- [ RunTime:0.016216s ]
INFO: [ view_filter ] --START--
INFO: ContentReplace Behavior ::run [ RunTime:0.000690s ]
INFO: TokenBuild Behavior ::run [ RunTime:0.000638s ]
INFO: WriteHtmlCache Behavior ::run [ RunTime:0.000446s ]
INFO: ShowRuntime Behavior ::run [ RunTime:0.000739s ]
INFO: [ view_filter ] --END-- [ RunTime:0.002818s ]
INFO: [ view_end ] --START--
INFO: ShowPageTrace Behavior ::run [ RunTime:0.000891s ]
INFO: [ view_end ] --END-- [ RunTime:0.000994s ]

[ 2013-12-24T16:37:48+08:00 ] 127.0.0.1 /blog/index.php/Admin/Blog/uploadImage?fetch=1
INFO: [ route_check ] --START--
INFO: CheckRoute Behavior ::run [ RunTime:0.002485s ]
INFO: [ route_check ] --END-- [ RunTime:0.002715s ]
INFO: [ app_begin ] --START--
INFO: ReadHtmlCache Behavior ::run [ RunTime:0.001558s ]
INFO: [ app_begin ] --END-- [ RunTime:0.001731s ]

[ 2013-12-24T16:40:14+08:00 ] 127.0.0.1 /blog/index.php/Admin/Blog/addBlog
INFO: [ route_check ] --START--
INFO: CheckRoute Behavior ::run [ RunTime:0.002012s ]
INFO: [ route_check ] --END-- [ RunTime:0.002177s ]
INFO: [ app_begin ] --START--
INFO: ReadHtmlCache Behavior ::run [ RunTime:0.001063s ]
INFO: [ app_begin ] --END-- [ RunTime:0.001186s ]
SQL: SHOW COLUMNS FROM `bl_cate` [ RunTime:0.003354s ]
SQL: SELECT * FROM `bl_cate` ORDER BY sort  [ RunTime:0.000623s ]
SQL: SHOW COLUMNS FROM `bl_attr` [ RunTime:0.003490s ]
SQL: SELECT * FROM `bl_attr`  [ RunTime:0.000392s ]
INFO: [ view_parse ] --START--
INFO: ParseTemplate Behavior ::run [ RunTime:0.016669s ]
INFO: [ view_parse ] --END-- [ RunTime:0.016878s ]
INFO: [ view_filter ] --START--
INFO: ContentReplace Behavior ::run [ RunTime:0.000884s ]
INFO: TokenBuild Behavior ::run [ RunTime:0.000995s ]
INFO: WriteHtmlCache Behavior ::run [ RunTime:0.000958s ]
INFO: ShowRuntime Behavior ::run [ RunTime:0.002857s ]
INFO: [ view_filter ] --END-- [ RunTime:0.006071s ]
INFO: [ view_end ] --START--
INFO: ShowPageTrace Behavior ::run [ RunTime:0.003903s ]
INFO: [ view_end ] --END-- [ RunTime:0.004020s ]

[ 2013-12-24T16:41:32+08:00 ] 127.0.0.1 /blog/index.php/Admin/Blog/addBlog
INFO: [ route_check ] --START--
INFO: CheckRoute Behavior ::run [ RunTime:0.001772s ]
INFO: [ route_check ] --END-- [ RunTime:0.001943s ]
INFO: [ app_begin ] --START--
INFO: ReadHtmlCache Behavior ::run [ RunTime:0.001584s ]
INFO: [ app_begin ] --END-- [ RunTime:0.001723s ]

[ 2013-12-24T16:41:32+08:00 ] 127.0.0.1 /blog/index.php/Admin/Login/index
INFO: [ route_check ] --START--
INFO: CheckRoute Behavior ::run [ RunTime:0.001626s ]
INFO: [ route_check ] --END-- [ RunTime:0.001831s ]
INFO: [ app_begin ] --START--
INFO: ReadHtmlCache Behavior ::run [ RunTime:0.001054s ]
INFO: [ app_begin ] --END-- [ RunTime:0.001210s ]
INFO: [ view_parse ] --START--
INFO: ParseTemplate Behavior ::run [ RunTime:0.043668s ]
INFO: [ view_parse ] --END-- [ RunTime:0.043824s ]
INFO: [ view_filter ] --START--
INFO: ContentReplace Behavior ::run [ RunTime:0.000846s ]
INFO: TokenBuild Behavior ::run [ RunTime:0.000846s ]
INFO: WriteHtmlCache Behavior ::run [ RunTime:0.000705s ]
INFO: ShowRuntime Behavior ::run [ RunTime:0.000933s ]
INFO: [ view_filter ] --END-- [ RunTime:0.003637s ]
INFO: [ view_end ] --START--
INFO: ShowPageTrace Behavior ::run [ RunTime:0.002397s ]
INFO: [ view_end ] --END-- [ RunTime:0.002530s ]

[ 2013-12-24T16:41:50+08:00 ] 127.0.0.1 /blog/index.php/Admin/Blog/addBlog
INFO: [ route_check ] --START--
INFO: CheckRoute Behavior ::run [ RunTime:0.001176s ]
INFO: [ route_check ] --END-- [ RunTime:0.001340s ]
INFO: [ app_begin ] --START--
INFO: ReadHtmlCache Behavior ::run [ RunTime:0.001038s ]
INFO: [ app_begin ] --END-- [ RunTime:0.001178s ]

[ 2013-12-24T16:41:51+08:00 ] 127.0.0.1 /blog/index.php/Admin/Login/index
INFO: [ route_check ] --START--
INFO: CheckRoute Behavior ::run [ RunTime:0.011622s ]
INFO: [ route_check ] --END-- [ RunTime:0.011805s ]
INFO: [ app_begin ] --START--
INFO: ReadHtmlCache Behavior ::run [ RunTime:0.000861s ]
INFO: [ app_begin ] --END-- [ RunTime:0.000982s ]
INFO: [ view_parse ] --START--
INFO: ParseTemplate Behavior ::run [ RunTime:0.011503s ]
INFO: [ view_parse ] --END-- [ RunTime:0.011633s ]
INFO: [ view_filter ] --START--
INFO: ContentReplace Behavior ::run [ RunTime:0.001045s ]
INFO: TokenBuild Behavior ::run [ RunTime:0.000667s ]
INFO: WriteHtmlCache Behavior ::run [ RunTime:0.000446s ]
INFO: ShowRuntime Behavior ::run [ RunTime:0.000703s ]
INFO: [ view_filter ] --END-- [ RunTime:0.003155s ]
INFO: [ view_end ] --START--
INFO: ShowPageTrace Behavior ::run [ RunTime:0.000981s ]
INFO: [ view_end ] --END-- [ RunTime:0.001085s ]

[ 2013-12-24T16:41:51+08:00 ] 127.0.0.1 /blog/index.php/Admin/Login/verify
INFO: [ route_check ] --START--
INFO: CheckRoute Behavior ::run [ RunTime:0.001892s ]
INFO: [ route_check ] --END-- [ RunTime:0.002081s ]
INFO: [ app_begin ] --START--
INFO: ReadHtmlCache Behavior ::run [ RunTime:0.001042s ]
INFO: [ app_begin ] --END-- [ RunTime:0.001164s ]

[ 2013-12-24T16:41:55+08:00 ] 127.0.0.1 /blog/index.php/Admin/Login/login
INFO: [ route_check ] --START--
INFO: CheckRoute Behavior ::run [ RunTime:0.001687s ]
INFO: [ route_check ] --END-- [ RunTime:0.001853s ]
INFO: [ app_begin ] --START--
INFO: ReadHtmlCache Behavior ::run [ RunTime:0.001189s ]
INFO: [ app_begin ] --END-- [ RunTime:0.001316s ]
SQL: SHOW COLUMNS FROM `bl_user` [ RunTime:0.003146s ]
SQL: SELECT * FROM `bl_user` WHERE ( `username` = 'admin' ) LIMIT 1   [ RunTime:0.000518s ]
SQL: UPDATE `bl_user` SET `logintime`=1387874515,`loginip`='127.0.0.1' WHERE ( `id` = 1 ) [ RunTime:0.057352s ]

[ 2013-12-24T16:41:59+08:00 ] 127.0.0.1 /blog/index.php/Admin
INFO: [ route_check ] --START--
INFO: CheckRoute Behavior ::run [ RunTime:0.001686s ]
INFO: [ route_check ] --END-- [ RunTime:0.001870s ]
INFO: [ app_begin ] --START--
INFO: ReadHtmlCache Behavior ::run [ RunTime:0.001241s ]
INFO: [ app_begin ] --END-- [ RunTime:0.001442s ]
INFO: [ view_parse ] --START--
INFO: ParseTemplate Behavior ::run [ RunTime:0.034257s ]
INFO: [ view_parse ] --END-- [ RunTime:0.034448s ]
INFO: [ view_filter ] --START--
INFO: ContentReplace Behavior ::run [ RunTime:0.000889s ]
INFO: TokenBuild Behavior ::run [ RunTime:0.000832s ]
INFO: WriteHtmlCache Behavior ::run [ RunTime:0.000683s ]
INFO: ShowRuntime Behavior ::run [ RunTime:0.000949s ]
INFO: [ view_filter ] --END-- [ RunTime:0.003678s ]
INFO: [ view_end ] --START--
INFO: ShowPageTrace Behavior ::run [ RunTime:0.001112s ]
INFO: [ view_end ] --END-- [ RunTime:0.001217s ]

[ 2013-12-24T16:42:01+08:00 ] 127.0.0.1 /blog/index.php/Admin/Blog/addBlog
INFO: [ route_check ] --START--
INFO: CheckRoute Behavior ::run [ RunTime:0.001494s ]
INFO: [ route_check ] --END-- [ RunTime:0.001670s ]
INFO: [ app_begin ] --START--
INFO: ReadHtmlCache Behavior ::run [ RunTime:0.001086s ]
INFO: [ app_begin ] --END-- [ RunTime:0.001224s ]
SQL: SHOW COLUMNS FROM `bl_cate` [ RunTime:0.003920s ]
SQL: SELECT * FROM `bl_cate` ORDER BY sort  [ RunTime:0.000593s ]
SQL: SHOW COLUMNS FROM `bl_attr` [ RunTime:0.003148s ]
SQL: SELECT * FROM `bl_attr`  [ RunTime:0.000612s ]
INFO: [ view_parse ] --START--
INFO: ParseTemplate Behavior ::run [ RunTime:0.015641s ]
INFO: [ view_parse ] --END-- [ RunTime:0.015861s ]
INFO: [ view_filter ] --START--
INFO: ContentReplace Behavior ::run [ RunTime:0.000677s ]
INFO: TokenBuild Behavior ::run [ RunTime:0.000589s ]
INFO: WriteHtmlCache Behavior ::run [ RunTime:0.000446s ]
INFO: ShowRuntime Behavior ::run [ RunTime:0.000695s ]
INFO: [ view_filter ] --END-- [ RunTime:0.002701s ]
INFO: [ view_end ] --START--
INFO: ShowPageTrace Behavior ::run [ RunTime:0.001204s ]
INFO: [ view_end ] --END-- [ RunTime:0.001327s ]

[ 2013-12-24T16:42:06+08:00 ] 127.0.0.1 /blog/index.php/Admin/Blog/addBlog
INFO: [ route_check ] --START--
INFO: CheckRoute Behavior ::run [ RunTime:0.001576s ]
INFO: [ route_check ] --END-- [ RunTime:0.001776s ]
INFO: [ app_begin ] --START--
INFO: ReadHtmlCache Behavior ::run [ RunTime:0.000867s ]
INFO: [ app_begin ] --END-- [ RunTime:0.000990s ]
SQL: SHOW COLUMNS FROM `bl_cate` [ RunTime:0.003556s ]
SQL: SELECT * FROM `bl_cate` ORDER BY sort  [ RunTime:0.000608s ]
SQL: SHOW COLUMNS FROM `bl_attr` [ RunTime:0.003167s ]
SQL: SELECT * FROM `bl_attr`  [ RunTime:0.000613s ]
INFO: [ view_parse ] --START--
INFO: ParseTemplate Behavior ::run [ RunTime:0.015443s ]
INFO: [ view_parse ] --END-- [ RunTime:0.015594s ]
INFO: [ view_filter ] --START--
INFO: ContentReplace Behavior ::run [ RunTime:0.000859s ]
INFO: TokenBuild Behavior ::run [ RunTime:0.001142s ]
INFO: WriteHtmlCache Behavior ::run [ RunTime:0.000729s ]
INFO: ShowRuntime Behavior ::run [ RunTime:0.000924s ]
INFO: [ view_filter ] --END-- [ RunTime:0.003969s ]
INFO: [ view_end ] --START--
INFO: ShowPageTrace Behavior ::run [ RunTime:0.001161s ]
INFO: [ view_end ] --END-- [ RunTime:0.001271s ]

[ 2013-12-24T16:42:14+08:00 ] 127.0.0.1 /blog/index.php/Admin/Blog/addBlog
INFO: [ route_check ] --START--
INFO: CheckRoute Behavior ::run [ RunTime:0.001645s ]
INFO: [ route_check ] --END-- [ RunTime:0.001824s ]
INFO: [ app_begin ] --START--
INFO: ReadHtmlCache Behavior ::run [ RunTime:0.001249s ]
INFO: [ app_begin ] --END-- [ RunTime:0.001396s ]
SQL: SHOW COLUMNS FROM `bl_cate` [ RunTime:0.003100s ]
SQL: SELECT * FROM `bl_cate` ORDER BY sort  [ RunTime:0.000611s ]
SQL: SHOW COLUMNS FROM `bl_attr` [ RunTime:0.003748s ]
SQL: SELECT * FROM `bl_attr`  [ RunTime:0.000391s ]
INFO: [ view_parse ] --START--
INFO: ParseTemplate Behavior ::run [ RunTime:0.015358s ]
INFO: [ view_parse ] --END-- [ RunTime:0.015489s ]
INFO: [ view_filter ] --START--
INFO: ContentReplace Behavior ::run [ RunTime:0.000622s ]
INFO: TokenBuild Behavior ::run [ RunTime:0.000594s ]
INFO: WriteHtmlCache Behavior ::run [ RunTime:0.000507s ]
INFO: ShowRuntime Behavior ::run [ RunTime:0.000879s ]
INFO: [ view_filter ] --END-- [ RunTime:0.003050s ]
INFO: [ view_end ] --START--
INFO: ShowPageTrace Behavior ::run [ RunTime:0.000910s ]
INFO: [ view_end ] --END-- [ RunTime:0.001012s ]

[ 2013-12-24T16:42:27+08:00 ] 127.0.0.1 /blog/index.php/Admin/Blog/uploadImage?fetch=1
INFO: [ route_check ] --START--
INFO: CheckRoute Behavior ::run [ RunTime:0.002088s ]
INFO: [ route_check ] --END-- [ RunTime:0.002294s ]
INFO: [ app_begin ] --START--
INFO: ReadHtmlCache Behavior ::run [ RunTime:0.001488s ]
INFO: [ app_begin ] --END-- [ RunTime:0.001890s ]

[ 2013-12-24T16:43:03+08:00 ] 127.0.0.1 /blog/index.php/Admin/Blog/addBlog
INFO: [ route_check ] --START--
INFO: CheckRoute Behavior ::run [ RunTime:0.001403s ]
INFO: [ route_check ] --END-- [ RunTime:0.001593s ]
INFO: [ app_begin ] --START--
INFO: ReadHtmlCache Behavior ::run [ RunTime:0.001322s ]
INFO: [ app_begin ] --END-- [ RunTime:0.001486s ]
SQL: SHOW COLUMNS FROM `bl_cate` [ RunTime:0.003350s ]
SQL: SELECT * FROM `bl_cate` ORDER BY sort  [ RunTime:0.000618s ]
SQL: SHOW COLUMNS FROM `bl_attr` [ RunTime:0.003284s ]
SQL: SELECT * FROM `bl_attr`  [ RunTime:0.000404s ]
INFO: [ view_parse ] --START--
INFO: ParseTemplate Behavior ::run [ RunTime:0.018032s ]
INFO: [ view_parse ] --END-- [ RunTime:0.018170s ]
INFO: [ view_filter ] --START--
INFO: ContentReplace Behavior ::run [ RunTime:0.001037s ]
INFO: TokenBuild Behavior ::run [ RunTime:0.000967s ]
INFO: WriteHtmlCache Behavior ::run [ RunTime:0.000672s ]
INFO: ShowRuntime Behavior ::run [ RunTime:0.000934s ]
INFO: [ view_filter ] --END-- [ RunTime:0.003915s ]
INFO: [ view_end ] --START--
INFO: ShowPageTrace Behavior ::run [ RunTime:0.001553s ]
INFO: [ view_end ] --END-- [ RunTime:0.001674s ]

[ 2013-12-24T16:43:07+08:00 ] 127.0.0.1 /blog/index.php/Admin/Blog/uploadImage?fetch=1
INFO: [ route_check ] --START--
INFO: CheckRoute Behavior ::run [ RunTime:0.001515s ]
INFO: [ route_check ] --END-- [ RunTime:0.001721s ]
INFO: [ app_begin ] --START--
INFO: ReadHtmlCache Behavior ::run [ RunTime:0.000967s ]
INFO: [ app_begin ] --END-- [ RunTime:0.001109s ]

[ 2013-12-24T16:43:13+08:00 ] 127.0.0.1 /blog/index.php/Admin/Blog/addBlog
INFO: [ route_check ] --START--
INFO: CheckRoute Behavior ::run [ RunTime:0.001602s ]
INFO: [ route_check ] --END-- [ RunTime:0.001779s ]
INFO: [ app_begin ] --START--
INFO: ReadHtmlCache Behavior ::run [ RunTime:0.000828s ]
INFO: [ app_begin ] --END-- [ RunTime:0.000977s ]
SQL: SHOW COLUMNS FROM `bl_cate` [ RunTime:0.003936s ]
SQL: SELECT * FROM `bl_cate` ORDER BY sort  [ RunTime:0.000785s ]
SQL: SHOW COLUMNS FROM `bl_attr` [ RunTime:0.003869s ]
SQL: SELECT * FROM `bl_attr`  [ RunTime:0.000396s ]
INFO: [ view_parse ] --START--
INFO: ParseTemplate Behavior ::run [ RunTime:0.015447s ]
INFO: [ view_parse ] --END-- [ RunTime:0.015581s ]
INFO: [ view_filter ] --START--
INFO: ContentReplace Behavior ::run [ RunTime:0.000666s ]
INFO: TokenBuild Behavior ::run [ RunTime:0.000621s ]
INFO: WriteHtmlCache Behavior ::run [ RunTime:0.000441s ]
INFO: ShowRuntime Behavior ::run [ RunTime:0.000698s ]
INFO: [ view_filter ] --END-- [ RunTime:0.002787s ]
INFO: [ view_end ] --START--
INFO: ShowPageTrace Behavior ::run [ RunTime:0.001044s ]
INFO: [ view_end ] --END-- [ RunTime:0.001156s ]

[ 2013-12-24T16:43:26+08:00 ] 127.0.0.1 /blog/index.php/Admin/Blog/uploadImage?fetch=1
INFO: [ route_check ] --START--
INFO: CheckRoute Behavior ::run [ RunTime:0.001797s ]
INFO: [ route_check ] --END-- [ RunTime:0.002003s ]
INFO: [ app_begin ] --START--
INFO: ReadHtmlCache Behavior ::run [ RunTime:0.001064s ]
INFO: [ app_begin ] --END-- [ RunTime:0.001528s ]

[ 2013-12-24T16:46:42+08:00 ] 127.0.0.1 /blog/index.php/Admin/Blog/uploadImage?fetch=1
INFO: [ route_check ] --START--
INFO: CheckRoute Behavior ::run [ RunTime:0.002856s ]
INFO: [ route_check ] --END-- [ RunTime:0.003144s ]
INFO: [ app_begin ] --START--
INFO: ReadHtmlCache Behavior ::run [ RunTime:0.001179s ]
INFO: [ app_begin ] --END-- [ RunTime:0.001361s ]

[ 2013-12-24T16:47:34+08:00 ] 127.0.0.1 /blog/index.php/Admin/Blog/addBlog
INFO: [ route_check ] --START--
INFO: CheckRoute Behavior ::run [ RunTime:0.001439s ]
INFO: [ route_check ] --END-- [ RunTime:0.001634s ]
INFO: [ app_begin ] --START--
INFO: ReadHtmlCache Behavior ::run [ RunTime:0.001095s ]
INFO: [ app_begin ] --END-- [ RunTime:0.001252s ]
SQL: SHOW COLUMNS FROM `bl_cate` [ RunTime:0.003764s ]
SQL: SELECT * FROM `bl_cate` ORDER BY sort  [ RunTime:0.001121s ]
SQL: SHOW COLUMNS FROM `bl_attr` [ RunTime:0.003111s ]
SQL: SELECT * FROM `bl_attr`  [ RunTime:0.000392s ]
INFO: [ view_parse ] --START--
INFO: ParseTemplate Behavior ::run [ RunTime:0.020183s ]
INFO: [ view_parse ] --END-- [ RunTime:0.020326s ]
INFO: [ view_filter ] --START--
INFO: ContentReplace Behavior ::run [ RunTime:0.001080s ]
INFO: TokenBuild Behavior ::run [ RunTime:0.001256s ]
INFO: WriteHtmlCache Behavior ::run [ RunTime:0.000809s ]
INFO: ShowRuntime Behavior ::run [ RunTime:0.001136s ]
INFO: [ view_filter ] --END-- [ RunTime:0.004652s ]
INFO: [ view_end ] --START--
INFO: ShowPageTrace Behavior ::run [ RunTime:0.001806s ]
INFO: [ view_end ] --END-- [ RunTime:0.001937s ]

[ 2013-12-24T16:47:37+08:00 ] 127.0.0.1 /blog/index.php/Admin/Blog/uploadImage?fetch=1
INFO: [ route_check ] --START--
INFO: CheckRoute Behavior ::run [ RunTime:0.001477s ]
INFO: [ route_check ] --END-- [ RunTime:0.001704s ]
INFO: [ app_begin ] --START--
INFO: ReadHtmlCache Behavior ::run [ RunTime:0.001065s ]
INFO: [ app_begin ] --END-- [ RunTime:0.001212s ]

[ 2013-12-24T16:50:45+08:00 ] 127.0.0.1 /blog/index.php/Admin/Blog/uploadImage?fetch=1
INFO: [ route_check ] --START--
INFO: CheckRoute Behavior ::run [ RunTime:0.001820s ]
INFO: [ route_check ] --END-- [ RunTime:0.002011s ]
INFO: [ app_begin ] --START--
INFO: ReadHtmlCache Behavior ::run [ RunTime:0.001207s ]
INFO: [ app_begin ] --END-- [ RunTime:0.001362s ]

[ 2013-12-24T16:55:36+08:00 ] 127.0.0.1 /blog/index.php/Admin/Blog/addBlog
INFO: [ route_check ] --START--
INFO: CheckRoute Behavior ::run [ RunTime:0.001978s ]
INFO: [ route_check ] --END-- [ RunTime:0.002159s ]
INFO: [ app_begin ] --START--
INFO: ReadHtmlCache Behavior ::run [ RunTime:0.001057s ]
INFO: [ app_begin ] --END-- [ RunTime:0.001185s ]

[ 2013-12-24T16:55:36+08:00 ] 127.0.0.1 /blog/index.php/Admin/Login/index
INFO: [ route_check ] --START--
INFO: CheckRoute Behavior ::run [ RunTime:0.001179s ]
INFO: [ route_check ] --END-- [ RunTime:0.001371s ]
INFO: [ app_begin ] --START--
INFO: ReadHtmlCache Behavior ::run [ RunTime:0.000815s ]
INFO: [ app_begin ] --END-- [ RunTime:0.000931s ]
INFO: [ view_parse ] --START--
INFO: ParseTemplate Behavior ::run [ RunTime:0.068227s ]
INFO: [ view_parse ] --END-- [ RunTime:0.068377s ]
INFO: [ view_filter ] --START--
INFO: ContentReplace Behavior ::run [ RunTime:0.000841s ]
INFO: TokenBuild Behavior ::run [ RunTime:0.000888s ]
INFO: WriteHtmlCache Behavior ::run [ RunTime:0.000667s ]
INFO: ShowRuntime Behavior ::run [ RunTime:0.000900s ]
INFO: [ view_filter ] --END-- [ RunTime:0.003694s ]
INFO: [ view_end ] --START--
INFO: ShowPageTrace Behavior ::run [ RunTime:0.001146s ]
INFO: [ view_end ] --END-- [ RunTime:0.001260s ]

[ 2013-12-24T16:55:36+08:00 ] 127.0.0.1 /blog/index.php/Admin/Login/verify
INFO: [ route_check ] --START--
INFO: CheckRoute Behavior ::run [ RunTime:0.001379s ]
INFO: [ route_check ] --END-- [ RunTime:0.001544s ]
INFO: [ app_begin ] --START--
INFO: ReadHtmlCache Behavior ::run [ RunTime:0.000834s ]
INFO: [ app_begin ] --END-- [ RunTime:0.000952s ]

[ 2013-12-24T16:55:42+08:00 ] 127.0.0.1 /blog/index.php/Admin/Login/login
INFO: [ route_check ] --START--
INFO: CheckRoute Behavior ::run [ RunTime:0.001385s ]
INFO: [ route_check ] --END-- [ RunTime:0.001595s ]
INFO: [ app_begin ] --START--
INFO: ReadHtmlCache Behavior ::run [ RunTime:0.001073s ]
INFO: [ app_begin ] --END-- [ RunTime:0.001243s ]
SQL: SHOW COLUMNS FROM `bl_user` [ RunTime:0.004028s ]
SQL: SELECT * FROM `bl_user` WHERE ( `username` = 'admin' ) LIMIT 1   [ RunTime:0.000523s ]
SQL: UPDATE `bl_user` SET `logintime`=1387875342,`loginip`='127.0.0.1' WHERE ( `id` = 1 ) [ RunTime:0.024082s ]

[ 2013-12-24T16:55:45+08:00 ] 127.0.0.1 /blog/index.php/Admin
INFO: [ route_check ] --START--
INFO: CheckRoute Behavior ::run [ RunTime:0.001185s ]
INFO: [ route_check ] --END-- [ RunTime:0.001345s ]
INFO: [ app_begin ] --START--
INFO: ReadHtmlCache Behavior ::run [ RunTime:0.000817s ]
INFO: [ app_begin ] --END-- [ RunTime:0.000934s ]
INFO: [ view_parse ] --START--
INFO: ParseTemplate Behavior ::run [ RunTime:0.019990s ]
INFO: [ view_parse ] --END-- [ RunTime:0.020130s ]
INFO: [ view_filter ] --START--
INFO: ContentReplace Behavior ::run [ RunTime:0.000621s ]
INFO: TokenBuild Behavior ::run [ RunTime:0.000606s ]
INFO: WriteHtmlCache Behavior ::run [ RunTime:0.000519s ]
INFO: ShowRuntime Behavior ::run [ RunTime:0.000760s ]
INFO: [ view_filter ] --END-- [ RunTime:0.002825s ]
INFO: [ view_end ] --START--
INFO: ShowPageTrace Behavior ::run [ RunTime:0.000925s ]
INFO: [ view_end ] --END-- [ RunTime:0.001031s ]

[ 2013-12-24T16:55:49+08:00 ] 127.0.0.1 /blog/index.php/Admin/Blog/addBlog
INFO: [ route_check ] --START--
INFO: CheckRoute Behavior ::run [ RunTime:0.001612s ]
INFO: [ route_check ] --END-- [ RunTime:0.001806s ]
INFO: [ app_begin ] --START--
INFO: ReadHtmlCache Behavior ::run [ RunTime:0.001090s ]
INFO: [ app_begin ] --END-- [ RunTime:0.001232s ]
SQL: SHOW COLUMNS FROM `bl_cate` [ RunTime:0.003805s ]
SQL: SELECT * FROM `bl_cate` ORDER BY sort  [ RunTime:0.000599s ]
SQL: SHOW COLUMNS FROM `bl_attr` [ RunTime:0.003087s ]
SQL: SELECT * FROM `bl_attr`  [ RunTime:0.000385s ]
INFO: [ view_parse ] --START--
INFO: ParseTemplate Behavior ::run [ RunTime:0.017842s ]
INFO: [ view_parse ] --END-- [ RunTime:0.017987s ]
INFO: [ view_filter ] --START--
INFO: ContentReplace Behavior ::run [ RunTime:0.000850s ]
INFO: TokenBuild Behavior ::run [ RunTime:0.000900s ]
INFO: WriteHtmlCache Behavior ::run [ RunTime:0.000771s ]
INFO: ShowRuntime Behavior ::run [ RunTime:0.001013s ]
INFO: [ view_filter ] --END-- [ RunTime:0.003953s ]
INFO: [ view_end ] --START--
INFO: ShowPageTrace Behavior ::run [ RunTime:0.001135s ]
INFO: [ view_end ] --END-- [ RunTime:0.001283s ]

[ 2013-12-24T16:55:53+08:00 ] 127.0.0.1 /blog/index.php/Admin/Blog/uploadImage?fetch=1
INFO: [ route_check ] --START--
INFO: CheckRoute Behavior ::run [ RunTime:0.001445s ]
INFO: [ route_check ] --END-- [ RunTime:0.001682s ]
INFO: [ app_begin ] --START--
INFO: ReadHtmlCache Behavior ::run [ RunTime:0.000942s ]
INFO: [ app_begin ] --END-- [ RunTime:0.001081s ]

[ 2013-12-24T16:56:53+08:00 ] 127.0.0.1 /blog/index.php/Admin/Blog/addBlog
INFO: [ route_check ] --START--
INFO: CheckRoute Behavior ::run [ RunTime:0.001256s ]
INFO: [ route_check ] --END-- [ RunTime:0.001420s ]
INFO: [ app_begin ] --START--
INFO: ReadHtmlCache Behavior ::run [ RunTime:0.000852s ]
INFO: [ app_begin ] --END-- [ RunTime:0.000973s ]
SQL: SHOW COLUMNS FROM `bl_cate` [ RunTime:0.003435s ]
SQL: SELECT * FROM `bl_cate` ORDER BY sort  [ RunTime:0.000624s ]
SQL: SHOW COLUMNS FROM `bl_attr` [ RunTime:0.003694s ]
SQL: SELECT * FROM `bl_attr`  [ RunTime:0.000388s ]
INFO: [ view_parse ] --START--
INFO: ParseTemplate Behavior ::run [ RunTime:0.014747s ]
INFO: [ view_parse ] --END-- [ RunTime:0.014878s ]
INFO: [ view_filter ] --START--
INFO: ContentReplace Behavior ::run [ RunTime:0.000631s ]
INFO: TokenBuild Behavior ::run [ RunTime:0.000604s ]
INFO: WriteHtmlCache Behavior ::run [ RunTime:0.000538s ]
INFO: ShowRuntime Behavior ::run [ RunTime:0.000751s ]
INFO: [ view_filter ] --END-- [ RunTime:0.002843s ]
INFO: [ view_end ] --START--
INFO: ShowPageTrace Behavior ::run [ RunTime:0.000921s ]
INFO: [ view_end ] --END-- [ RunTime:0.001029s ]

[ 2013-12-24T16:57:19+08:00 ] 127.0.0.1 /blog/index.php/Admin/Blog/addBlog
INFO: [ route_check ] --START--
INFO: CheckRoute Behavior ::run [ RunTime:0.001662s ]
INFO: [ route_check ] --END-- [ RunTime:0.001824s ]
INFO: [ app_begin ] --START--
INFO: ReadHtmlCache Behavior ::run [ RunTime:0.001023s ]
INFO: [ app_begin ] --END-- [ RunTime:0.001145s ]
SQL: SHOW COLUMNS FROM `bl_cate` [ RunTime:0.003139s ]
SQL: SELECT * FROM `bl_cate` ORDER BY sort  [ RunTime:0.000634s ]
SQL: SHOW COLUMNS FROM `bl_attr` [ RunTime:0.003850s ]
SQL: SELECT * FROM `bl_attr`  [ RunTime:0.000392s ]
INFO: [ view_parse ] --START--
INFO: ParseTemplate Behavior ::run [ RunTime:0.016281s ]
INFO: [ view_parse ] --END-- [ RunTime:0.016419s ]
INFO: [ view_filter ] --START--
INFO: ContentReplace Behavior ::run [ RunTime:0.001086s ]
INFO: TokenBuild Behavior ::run [ RunTime:0.000857s ]
INFO: WriteHtmlCache Behavior ::run [ RunTime:0.000673s ]
INFO: ShowRuntime Behavior ::run [ RunTime:0.000933s ]
INFO: [ view_filter ] --END-- [ RunTime:0.003859s ]
INFO: [ view_end ] --START--
INFO: ShowPageTrace Behavior ::run [ RunTime:0.001321s ]
INFO: [ view_end ] --END-- [ RunTime:0.001443s ]

[ 2013-12-24T16:57:26+08:00 ] 127.0.0.1 /blog/index.php/Admin/Blog/uploadImage
INFO: [ route_check ] --START--
INFO: CheckRoute Behavior ::run [ RunTime:0.001317s ]
INFO: [ route_check ] --END-- [ RunTime:0.001479s ]
INFO: [ app_begin ] --START--
INFO: ReadHtmlCache Behavior ::run [ RunTime:0.000999s ]
INFO: [ app_begin ] --END-- [ RunTime:0.001127s ]

[ 2013-12-24T17:02:20+08:00 ] 127.0.0.1 /blog/index.php/Admin/Blog/uploadImage?fetch=1
INFO: [ route_check ] --START--
INFO: CheckRoute Behavior ::run [ RunTime:0.026885s ]
INFO: [ route_check ] --END-- [ RunTime:0.027068s ]
INFO: [ app_begin ] --START--
INFO: ReadHtmlCache Behavior ::run [ RunTime:0.037114s ]
INFO: [ app_begin ] --END-- [ RunTime:0.037267s ]

[ 2013-12-24T17:03:24+08:00 ] 127.0.0.1 /blog/index.php/Admin/Blog/uploadImage?fetch=1
INFO: [ route_check ] --START--
INFO: CheckRoute Behavior ::run [ RunTime:0.001853s ]
INFO: [ route_check ] --END-- [ RunTime:0.002051s ]
INFO: [ app_begin ] --START--
INFO: ReadHtmlCache Behavior ::run [ RunTime:0.000963s ]
INFO: [ app_begin ] --END-- [ RunTime:0.001111s ]

[ 2013-12-24T17:03:45+08:00 ] 127.0.0.1 /blog/index.php/Admin/Blog/addBlog
INFO: [ route_check ] --START--
INFO: CheckRoute Behavior ::run [ RunTime:0.001611s ]
INFO: [ route_check ] --END-- [ RunTime:0.001808s ]
INFO: [ app_begin ] --START--
INFO: ReadHtmlCache Behavior ::run [ RunTime:0.000917s ]
INFO: [ app_begin ] --END-- [ RunTime:0.001057s ]
SQL: SHOW COLUMNS FROM `bl_cate` [ RunTime:0.007018s ]
SQL: SELECT * FROM `bl_cate` ORDER BY sort  [ RunTime:0.000627s ]
SQL: SHOW COLUMNS FROM `bl_attr` [ RunTime:0.003912s ]
SQL: SELECT * FROM `bl_attr`  [ RunTime:0.000416s ]
INFO: [ view_parse ] --START--
INFO: ParseTemplate Behavior ::run [ RunTime:0.025857s ]
INFO: [ view_parse ] --END-- [ RunTime:0.025999s ]
INFO: [ view_filter ] --START--
INFO: ContentReplace Behavior ::run [ RunTime:0.001048s ]
INFO: TokenBuild Behavior ::run [ RunTime:0.001305s ]
INFO: WriteHtmlCache Behavior ::run [ RunTime:0.001045s ]
INFO: ShowRuntime Behavior ::run [ RunTime:0.001194s ]
INFO: [ view_filter ] --END-- [ RunTime:0.004999s ]
INFO: [ view_end ] --START--
INFO: ShowPageTrace Behavior ::run [ RunTime:0.001448s ]
INFO: [ view_end ] --END-- [ RunTime:0.001564s ]

[ 2013-12-24T17:04:09+08:00 ] 127.0.0.1 /blog/index.php/Admin/Blog/addBlog
INFO: [ route_check ] --START--
INFO: CheckRoute Behavior ::run [ RunTime:0.002251s ]
INFO: [ route_check ] --END-- [ RunTime:0.002431s ]
INFO: [ app_begin ] --START--
INFO: ReadHtmlCache Behavior ::run [ RunTime:0.001004s ]
INFO: [ app_begin ] --END-- [ RunTime:0.001175s ]
SQL: SHOW COLUMNS FROM `bl_cate` [ RunTime:0.005052s ]
SQL: SELECT * FROM `bl_cate` ORDER BY sort  [ RunTime:0.000999s ]
SQL: SHOW COLUMNS FROM `bl_attr` [ RunTime:0.003876s ]
SQL: SELECT * FROM `bl_attr`  [ RunTime:0.000410s ]
INFO: [ view_parse ] --START--
INFO: ParseTemplate Behavior ::run [ RunTime:0.015260s ]
INFO: [ view_parse ] --END-- [ RunTime:0.015391s ]
INFO: [ view_filter ] --START--
INFO: ContentReplace Behavior ::run [ RunTime:0.000681s ]
INFO: TokenBuild Behavior ::run [ RunTime:0.000830s ]
INFO: WriteHtmlCache Behavior ::run [ RunTime:0.000453s ]
INFO: ShowRuntime Behavior ::run [ RunTime:0.000738s ]
INFO: [ view_filter ] --END-- [ RunTime:0.003005s ]
INFO: [ view_end ] --START--
INFO: ShowPageTrace Behavior ::run [ RunTime:0.003558s ]
INFO: [ view_end ] --END-- [ RunTime:0.003678s ]

[ 2013-12-24T17:04:10+08:00 ] 127.0.0.1 /blog/index.php/Admin/Blog/uploadImage?fetch=1
INFO: [ route_check ] --START--
INFO: CheckRoute Behavior ::run [ RunTime:0.002395s ]
INFO: [ route_check ] --END-- [ RunTime:0.002750s ]
INFO: [ app_begin ] --START--
INFO: ReadHtmlCache Behavior ::run [ RunTime:0.002263s ]
INFO: [ app_begin ] --END-- [ RunTime:0.002448s ]

[ 2013-12-24T17:05:28+08:00 ] 127.0.0.1 /blog/index.php/Admin/Blog/addBlog
INFO: [ route_check ] --START--
INFO: CheckRoute Behavior ::run [ RunTime:0.001671s ]
INFO: [ route_check ] --END-- [ RunTime:0.001831s ]
INFO: [ app_begin ] --START--
INFO: ReadHtmlCache Behavior ::run [ RunTime:0.001136s ]
INFO: [ app_begin ] --END-- [ RunTime:0.001274s ]
SQL: SHOW COLUMNS FROM `bl_cate` [ RunTime:0.003209s ]
SQL: SELECT * FROM `bl_cate` ORDER BY sort  [ RunTime:0.000628s ]
SQL: SHOW COLUMNS FROM `bl_attr` [ RunTime:0.003199s ]
SQL: SELECT * FROM `bl_attr`  [ RunTime:0.000398s ]
INFO: [ view_parse ] --START--
INFO: ParseTemplate Behavior ::run [ RunTime:0.017429s ]
INFO: [ view_parse ] --END-- [ RunTime:0.017588s ]
INFO: [ view_filter ] --START--
INFO: ContentReplace Behavior ::run [ RunTime:0.001110s ]
INFO: TokenBuild Behavior ::run [ RunTime:0.001159s ]
INFO: WriteHtmlCache Behavior ::run [ RunTime:0.001217s ]
INFO: ShowRuntime Behavior ::run [ RunTime:0.000947s ]
INFO: [ view_filter ] --END-- [ RunTime:0.004814s ]
INFO: [ view_end ] --START--
INFO: ShowPageTrace Behavior ::run [ RunTime:0.001161s ]
INFO: [ view_end ] --END-- [ RunTime:0.001270s ]

[ 2013-12-24T17:08:07+08:00 ] 127.0.0.1 /blog/index.php/Admin/Blog/uploadImage?fetch=1
INFO: [ route_check ] --START--
INFO: CheckRoute Behavior ::run [ RunTime:0.002180s ]
INFO: [ route_check ] --END-- [ RunTime:0.002500s ]
INFO: [ app_begin ] --START--
INFO: ReadHtmlCache Behavior ::run [ RunTime:0.001112s ]
INFO: [ app_begin ] --END-- [ RunTime:0.001249s ]

[ 2013-12-24T17:10:19+08:00 ] 127.0.0.1 /blog/index.php/Admin/Blog/addBlog
INFO: [ route_check ] --START--
INFO: CheckRoute Behavior ::run [ RunTime:0.001689s ]
INFO: [ route_check ] --END-- [ RunTime:0.001851s ]
INFO: [ app_begin ] --START--
INFO: ReadHtmlCache Behavior ::run [ RunTime:0.001052s ]
INFO: [ app_begin ] --END-- [ RunTime:0.001181s ]
SQL: SHOW COLUMNS FROM `bl_cate` [ RunTime:0.003418s ]
SQL: SELECT * FROM `bl_cate` ORDER BY sort  [ RunTime:0.000612s ]
SQL: SHOW COLUMNS FROM `bl_attr` [ RunTime:0.003153s ]
SQL: SELECT * FROM `bl_attr`  [ RunTime:0.000412s ]
INFO: [ view_parse ] --START--
INFO: ParseTemplate Behavior ::run [ RunTime:0.016147s ]
INFO: [ view_parse ] --END-- [ RunTime:0.016283s ]
INFO: [ view_filter ] --START--
INFO: ContentReplace Behavior ::run [ RunTime:0.001061s ]
INFO: TokenBuild Behavior ::run [ RunTime:0.000887s ]
INFO: WriteHtmlCache Behavior ::run [ RunTime:0.000660s ]
INFO: ShowRuntime Behavior ::run [ RunTime:0.000937s ]
INFO: [ view_filter ] --END-- [ RunTime:0.003849s ]
INFO: [ view_end ] --START--
INFO: ShowPageTrace Behavior ::run [ RunTime:0.001154s ]
INFO: [ view_end ] --END-- [ RunTime:0.001262s ]

[ 2013-12-24T17:10:21+08:00 ] 127.0.0.1 /blog/index.php/Admin/Blog/uploadImage?fetch=1
INFO: [ route_check ] --START--
INFO: CheckRoute Behavior ::run [ RunTime:0.002352s ]
INFO: [ route_check ] --END-- [ RunTime:0.002650s ]
INFO: [ app_begin ] --START--
INFO: ReadHtmlCache Behavior ::run [ RunTime:0.001685s ]
INFO: [ app_begin ] --END-- [ RunTime:0.001930s ]

[ 2013-12-24T17:12:47+08:00 ] 127.0.0.1 /blog/index.php/Admin/Blog/addBlog
INFO: [ route_check ] --START--
INFO: CheckRoute Behavior ::run [ RunTime:0.001918s ]
INFO: [ route_check ] --END-- [ RunTime:0.002081s ]
INFO: [ app_begin ] --START--
INFO: ReadHtmlCache Behavior ::run [ RunTime:0.001145s ]
INFO: [ app_begin ] --END-- [ RunTime:0.001290s ]
SQL: SHOW COLUMNS FROM `bl_cate` [ RunTime:0.003190s ]
SQL: SELECT * FROM `bl_cate` ORDER BY sort  [ RunTime:0.000632s ]
SQL: SHOW COLUMNS FROM `bl_attr` [ RunTime:0.003259s ]
SQL: SELECT * FROM `bl_attr`  [ RunTime:0.001012s ]
INFO: [ view_parse ] --START--
INFO: ParseTemplate Behavior ::run [ RunTime:0.016494s ]
INFO: [ view_parse ] --END-- [ RunTime:0.016634s ]
INFO: [ view_filter ] --START--
INFO: ContentReplace Behavior ::run [ RunTime:0.000896s ]
INFO: TokenBuild Behavior ::run [ RunTime:0.000820s ]
INFO: WriteHtmlCache Behavior ::run [ RunTime:0.000676s ]
INFO: ShowRuntime Behavior ::run [ RunTime:0.001009s ]
INFO: [ view_filter ] --END-- [ RunTime:0.003719s ]
INFO: [ view_end ] --START--
INFO: ShowPageTrace Behavior ::run [ RunTime:0.001370s ]
INFO: [ view_end ] --END-- [ RunTime:0.001514s ]

[ 2013-12-24T17:15:06+08:00 ] 127.0.0.1 /blog/index.php/Admin/Blog/addBlog
INFO: [ route_check ] --START--
INFO: CheckRoute Behavior ::run [ RunTime:0.002119s ]
INFO: [ route_check ] --END-- [ RunTime:0.002368s ]
INFO: [ app_begin ] --START--
INFO: ReadHtmlCache Behavior ::run [ RunTime:0.001080s ]
INFO: [ app_begin ] --END-- [ RunTime:0.001212s ]
SQL: SHOW COLUMNS FROM `bl_cate` [ RunTime:0.003259s ]
SQL: SELECT * FROM `bl_cate` ORDER BY sort  [ RunTime:0.000626s ]
SQL: SHOW COLUMNS FROM `bl_attr` [ RunTime:0.003688s ]
SQL: SELECT * FROM `bl_attr`  [ RunTime:0.000426s ]
INFO: [ view_parse ] --START--
INFO: ParseTemplate Behavior ::run [ RunTime:0.017648s ]
INFO: [ view_parse ] --END-- [ RunTime:0.017805s ]
INFO: [ view_filter ] --START--
INFO: ContentReplace Behavior ::run [ RunTime:0.001570s ]
INFO: TokenBuild Behavior ::run [ RunTime:0.001079s ]
INFO: WriteHtmlCache Behavior ::run [ RunTime:0.000835s ]
INFO: ShowRuntime Behavior ::run [ RunTime:0.001283s ]
INFO: [ view_filter ] --END-- [ RunTime:0.005224s ]
INFO: [ view_end ] --START--
INFO: ShowPageTrace Behavior ::run [ RunTime:0.001216s ]
INFO: [ view_end ] --END-- [ RunTime:0.001328s ]

[ 2013-12-24T17:15:14+08:00 ] 127.0.0.1 /blog/index.php/Admin/Blog/addBlog
INFO: [ route_check ] --START--
INFO: CheckRoute Behavior ::run [ RunTime:0.002169s ]
INFO: [ route_check ] --END-- [ RunTime:0.002368s ]
INFO: [ app_begin ] --START--
INFO: ReadHtmlCache Behavior ::run [ RunTime:0.001222s ]
INFO: [ app_begin ] --END-- [ RunTime:0.001347s ]
SQL: SHOW COLUMNS FROM `bl_cate` [ RunTime:0.003444s ]
SQL: SELECT * FROM `bl_cate` ORDER BY sort  [ RunTime:0.000600s ]
SQL: SHOW COLUMNS FROM `bl_attr` [ RunTime:0.003960s ]
SQL: SELECT * FROM `bl_attr`  [ RunTime:0.000576s ]
INFO: [ view_parse ] --START--
INFO: ParseTemplate Behavior ::run [ RunTime:0.019050s ]
INFO: [ view_parse ] --END-- [ RunTime:0.019291s ]
INFO: [ view_filter ] --START--
INFO: ContentReplace Behavior ::run [ RunTime:0.001189s ]
INFO: TokenBuild Behavior ::run [ RunTime:0.002055s ]
INFO: WriteHtmlCache Behavior ::run [ RunTime:0.002352s ]
INFO: ShowRuntime Behavior ::run [ RunTime:0.001252s ]
INFO: [ view_filter ] --END-- [ RunTime:0.007251s ]
INFO: [ view_end ] --START--
INFO: ShowPageTrace Behavior ::run [ RunTime:0.002212s ]
INFO: [ view_end ] --END-- [ RunTime:0.002462s ]

[ 2013-12-24T17:18:32+08:00 ] 127.0.0.1 /blog/index.php/Admin/Blog/addBlog
INFO: [ route_check ] --START--
INFO: CheckRoute Behavior ::run [ RunTime:0.001692s ]
INFO: [ route_check ] --END-- [ RunTime:0.001857s ]
INFO: [ app_begin ] --START--
INFO: ReadHtmlCache Behavior ::run [ RunTime:0.001086s ]
INFO: [ app_begin ] --END-- [ RunTime:0.001219s ]
SQL: SHOW COLUMNS FROM `bl_cate` [ RunTime:0.003791s ]
SQL: SELECT * FROM `bl_cate` ORDER BY sort  [ RunTime:0.000599s ]
SQL: SHOW COLUMNS FROM `bl_attr` [ RunTime:0.003244s ]
SQL: SELECT * FROM `bl_attr`  [ RunTime:0.000597s ]
INFO: [ view_parse ] --START--
INFO: ParseTemplate Behavior ::run [ RunTime:0.019171s ]
INFO: [ view_parse ] --END-- [ RunTime:0.019315s ]
INFO: [ view_filter ] --START--
INFO: ContentReplace Behavior ::run [ RunTime:0.000909s ]
INFO: TokenBuild Behavior ::run [ RunTime:0.000838s ]
INFO: WriteHtmlCache Behavior ::run [ RunTime:0.000842s ]
INFO: ShowRuntime Behavior ::run [ RunTime:0.001283s ]
INFO: [ view_filter ] --END-- [ RunTime:0.004217s ]
INFO: [ view_end ] --START--
INFO: ShowPageTrace Behavior ::run [ RunTime:0.001172s ]
INFO: [ view_end ] --END-- [ RunTime:0.001288s ]

[ 2013-12-24T17:18:52+08:00 ] 127.0.0.1 /blog/index.php/Admin/Blog/addBlog
INFO: [ route_check ] --START--
INFO: CheckRoute Behavior ::run [ RunTime:0.001750s ]
INFO: [ route_check ] --END-- [ RunTime:0.001914s ]
INFO: [ app_begin ] --START--
INFO: ReadHtmlCache Behavior ::run [ RunTime:0.001104s ]
INFO: [ app_begin ] --END-- [ RunTime:0.001241s ]
SQL: SHOW COLUMNS FROM `bl_cate` [ RunTime:0.003313s ]
SQL: SELECT * FROM `bl_cate` ORDER BY sort  [ RunTime:0.000605s ]
SQL: SHOW COLUMNS FROM `bl_attr` [ RunTime:0.003225s ]
SQL: SELECT * FROM `bl_attr`  [ RunTime:0.000426s ]
INFO: [ view_parse ] --START--
INFO: ParseTemplate Behavior ::run [ RunTime:0.016264s ]
INFO: [ view_parse ] --END-- [ RunTime:0.016436s ]
INFO: [ view_filter ] --START--
INFO: ContentReplace Behavior ::run [ RunTime:0.000869s ]
INFO: TokenBuild Behavior ::run [ RunTime:0.000833s ]
INFO: WriteHtmlCache Behavior ::run [ RunTime:0.000801s ]
INFO: ShowRuntime Behavior ::run [ RunTime:0.001107s ]
INFO: [ view_filter ] --END-- [ RunTime:0.003943s ]
INFO: [ view_end ] --START--
INFO: ShowPageTrace Behavior ::run [ RunTime:0.001204s ]
INFO: [ view_end ] --END-- [ RunTime:0.001316s ]

[ 2013-12-24T17:18:58+08:00 ] 127.0.0.1 /blog/index.php/Admin/Blog/uploadImage?fetch=1
INFO: [ route_check ] --START--
INFO: CheckRoute Behavior ::run [ RunTime:0.004729s ]
INFO: [ route_check ] --END-- [ RunTime:0.004930s ]
INFO: [ app_begin ] --START--
INFO: ReadHtmlCache Behavior ::run [ RunTime:0.002943s ]
INFO: [ app_begin ] --END-- [ RunTime:0.003090s ]

[ 2013-12-24T17:29:17+08:00 ] 127.0.0.1 /blog/index.php/Admin/Blog/uploadImage?fetch=1
INFO: [ route_check ] --START--
INFO: CheckRoute Behavior ::run [ RunTime:0.003947s ]
INFO: [ route_check ] --END-- [ RunTime:0.004154s ]
INFO: [ app_begin ] --START--
INFO: ReadHtmlCache Behavior ::run [ RunTime:0.001716s ]
INFO: [ app_begin ] --END-- [ RunTime:0.001888s ]

[ 2013-12-24T17:35:12+08:00 ] 127.0.0.1 /blog/index.php/Admin
INFO: [ route_check ] --START--
INFO: CheckRoute Behavior ::run [ RunTime:0.001672s ]
INFO: [ route_check ] --END-- [ RunTime:0.001834s ]
INFO: [ app_begin ] --START--
INFO: ReadHtmlCache Behavior ::run [ RunTime:0.001041s ]
INFO: [ app_begin ] --END-- [ RunTime:0.001164s ]

[ 2013-12-24T17:35:13+08:00 ] 127.0.0.1 /blog/index.php/Admin/Login/index
INFO: [ route_check ] --START--
INFO: CheckRoute Behavior ::run [ RunTime:0.001164s ]
INFO: [ route_check ] --END-- [ RunTime:0.001323s ]
INFO: [ app_begin ] --START--
INFO: ReadHtmlCache Behavior ::run [ RunTime:0.000959s ]
INFO: [ app_begin ] --END-- [ RunTime:0.001103s ]
INFO: [ view_parse ] --START--
INFO: ParseTemplate Behavior ::run [ RunTime:0.039918s ]
INFO: [ view_parse ] --END-- [ RunTime:0.040084s ]
INFO: [ view_filter ] --START--
INFO: ContentReplace Behavior ::run [ RunTime:0.001392s ]
INFO: TokenBuild Behavior ::run [ RunTime:0.001146s ]
INFO: WriteHtmlCache Behavior ::run [ RunTime:0.000872s ]
INFO: ShowRuntime Behavior ::run [ RunTime:0.001161s ]
INFO: [ view_filter ] --END-- [ RunTime:0.004930s ]
INFO: [ view_end ] --START--
INFO: ShowPageTrace Behavior ::run [ RunTime:0.001839s ]
INFO: [ view_end ] --END-- [ RunTime:0.001969s ]

[ 2013-12-24T17:35:13+08:00 ] 127.0.0.1 /blog/index.php/Admin/Login/verify
INFO: [ route_check ] --START--
INFO: CheckRoute Behavior ::run [ RunTime:0.001323s ]
INFO: [ route_check ] --END-- [ RunTime:0.001505s ]
INFO: [ app_begin ] --START--
INFO: ReadHtmlCache Behavior ::run [ RunTime:0.000929s ]
INFO: [ app_begin ] --END-- [ RunTime:0.001070s ]

